[0m10:33:31  Running with dbt=1.9.0-b2
[0m10:33:31  dbt version: 1.9.0-b2
[0m10:33:31  python version: 3.10.12
[0m10:33:31  python path: /usr/bin/python3
[0m10:33:31  os info: Linux-5.15.153.1-microsoft-standard-WSL2-x86_64-with-glibc2.35
[0m10:33:31  Using profiles dir at /home/istywhyerlina/.dbt
[0m10:33:31  Using profiles.yml file at /home/istywhyerlina/.dbt/profiles.yml
[0m10:33:31  Using dbt_project.yml file at /home/istywhyerlina/datastorage_w7/pactravel/dbt_project.yml
[0m10:33:31  adapter type: postgres
[0m10:33:31  adapter version: 1.8.2
[0m10:33:31  Configuration:
[0m10:33:31    profiles.yml file [[32mOK found and valid[0m]
[0m10:33:31    dbt_project.yml file [[32mOK found and valid[0m]
[0m10:33:31  Required dependencies:
[0m10:33:31   - git [[32mOK found[0m]

[0m10:33:31  Connection:
[0m10:33:31    host: localhost
[0m10:33:31    port: 5442
[0m10:33:31    user: postgres
[0m10:33:31    database: pactravel
[0m10:33:31    schema: stg-datamart
[0m10:33:31    connect_timeout: 10
[0m10:33:31    role: None
[0m10:33:31    search_path: None
[0m10:33:31    keepalives_idle: 0
[0m10:33:31    sslmode: None
[0m10:33:31    sslcert: None
[0m10:33:31    sslkey: None
[0m10:33:31    sslrootcert: None
[0m10:33:31    application_name: dbt
[0m10:33:31    retries: 1
[0m10:33:31  Registered adapter: postgres=1.8.2
[0m10:33:31    Connection test: [[32mOK connection ok[0m]

[0m10:33:31  [32mAll checks passed![0m
