[0m03:31:34  Running with dbt=1.9.0-b2
[0m03:31:34  dbt version: 1.9.0-b2
[0m03:31:34  python version: 3.10.12
[0m03:31:34  python path: /usr/bin/python3
[0m03:31:34  os info: Linux-5.15.153.1-microsoft-standard-WSL2-x86_64-with-glibc2.35
[0m03:31:34  Using profiles dir at /home/istywhyerlina/.dbt
[0m03:31:34  Using profiles.yml file at /home/istywhyerlina/.dbt/profiles.yml
[0m03:31:34  Using dbt_project.yml file at /home/istywhyerlina/datastorage_w7/pactravel/dbt_project.yml
[0m03:31:34  adapter type: postgres
[0m03:31:34  adapter version: 1.8.2
[0m03:31:34  Configuration:
[0m03:31:34    profiles.yml file [[32mOK found and valid[0m]
[0m03:31:34    dbt_project.yml file [[32mOK found and valid[0m]
[0m03:31:34  Required dependencies:
[0m03:31:34   - git [[32mOK found[0m]

[0m03:31:34  Connection:
[0m03:31:34    host: localhost
[0m03:31:34    port: 5442
[0m03:31:34    user: postgres
[0m03:31:34    database: pactravel
[0m03:31:34    schema: stg-datamart
[0m03:31:34    connect_timeout: 10
[0m03:31:34    role: None
[0m03:31:34    search_path: None
[0m03:31:34    keepalives_idle: 0
[0m03:31:34    sslmode: None
[0m03:31:34    sslcert: None
[0m03:31:34    sslkey: None
[0m03:31:34    sslrootcert: None
[0m03:31:34    application_name: dbt
[0m03:31:34    retries: 1
[0m03:31:34  Registered adapter: postgres=1.8.2
[0m03:31:34    Connection test: [[32mOK connection ok[0m]

[0m03:31:34  [32mAll checks passed![0m
