[0m03:26:59  Running with dbt=1.9.0-b2
[0m03:26:59  dbt version: 1.9.0-b2
[0m03:26:59  python version: 3.10.12
[0m03:26:59  python path: /usr/bin/python3
[0m03:26:59  os info: Linux-5.15.153.1-microsoft-standard-WSL2-x86_64-with-glibc2.35
[0m03:26:59  Using profiles dir at /home/istywhyerlina/.dbt
[0m03:26:59  Using profiles.yml file at /home/istywhyerlina/.dbt/profiles.yml
[0m03:26:59  Using dbt_project.yml file at /home/istywhyerlina/datastorage_w7/pactravel/dbt_project.yml
[0m03:26:59  adapter type: postgres
[0m03:26:59  adapter version: 1.8.2
[0m03:26:59  Configuration:
[0m03:26:59    profiles.yml file [[32mOK found and valid[0m]
[0m03:26:59    dbt_project.yml file [[32mOK found and valid[0m]
[0m03:26:59  Required dependencies:
[0m03:26:59   - git [[32mOK found[0m]

[0m03:26:59  Connection:
[0m03:26:59    host: localhost
[0m03:26:59    port: 5442
[0m03:26:59    user: postgres
[0m03:26:59    database: pactravel
[0m03:26:59    schema: stg-datamart
[0m03:26:59    connect_timeout: 10
[0m03:26:59    role: None
[0m03:26:59    search_path: None
[0m03:26:59    keepalives_idle: 0
[0m03:26:59    sslmode: None
[0m03:26:59    sslcert: None
[0m03:26:59    sslkey: None
[0m03:26:59    sslrootcert: None
[0m03:26:59    application_name: dbt
[0m03:26:59    retries: 1
[0m03:26:59  Registered adapter: postgres=1.8.2
[0m03:26:59    Connection test: [[32mOK connection ok[0m]

[0m03:26:59  [32mAll checks passed![0m
