[0m10:00:27  Running with dbt=1.9.0-b2
[0m10:00:27  dbt version: 1.9.0-b2
[0m10:00:27  python version: 3.10.12
[0m10:00:27  python path: /usr/bin/python3
[0m10:00:27  os info: Linux-5.15.153.1-microsoft-standard-WSL2-x86_64-with-glibc2.35
[0m10:00:27  Using profiles dir at /home/istywhyerlina/.dbt
[0m10:00:27  Using profiles.yml file at /home/istywhyerlina/.dbt/profiles.yml
[0m10:00:27  Using dbt_project.yml file at /home/istywhyerlina/datastorage_w7/pactravel/dbt_project.yml
[0m10:00:27  adapter type: postgres
[0m10:00:27  adapter version: 1.8.2
[0m10:00:27  Configuration:
[0m10:00:27    profiles.yml file [[32mOK found and valid[0m]
[0m10:00:27    dbt_project.yml file [[32mOK found and valid[0m]
[0m10:00:27  Required dependencies:
[0m10:00:27   - git [[32mOK found[0m]

[0m10:00:27  Connection:
[0m10:00:27    host: localhost
[0m10:00:27    port: 5442
[0m10:00:27    user: postgres
[0m10:00:27    database: pactravel
[0m10:00:27    schema: stg-datamart
[0m10:00:27    connect_timeout: 10
[0m10:00:27    role: None
[0m10:00:27    search_path: None
[0m10:00:27    keepalives_idle: 0
[0m10:00:27    sslmode: None
[0m10:00:27    sslcert: None
[0m10:00:27    sslkey: None
[0m10:00:27    sslrootcert: None
[0m10:00:27    application_name: dbt
[0m10:00:27    retries: 1
[0m10:00:27  Registered adapter: postgres=1.8.2
[0m10:00:27    Connection test: [[32mOK connection ok[0m]

[0m10:00:27  [32mAll checks passed![0m
