[0m10:10:07  Running with dbt=1.9.0-b2
[0m10:10:07  dbt version: 1.9.0-b2
[0m10:10:07  python version: 3.10.12
[0m10:10:07  python path: /usr/bin/python3
[0m10:10:07  os info: Linux-5.15.153.1-microsoft-standard-WSL2-x86_64-with-glibc2.35
[0m10:10:07  Using profiles dir at /home/istywhyerlina/.dbt
[0m10:10:07  Using profiles.yml file at /home/istywhyerlina/.dbt/profiles.yml
[0m10:10:07  Using dbt_project.yml file at /home/istywhyerlina/datastorage_w7/pactravel/dbt_project.yml
[0m10:10:07  adapter type: postgres
[0m10:10:07  adapter version: 1.8.2
[0m10:10:07  Configuration:
[0m10:10:07    profiles.yml file [[32mOK found and valid[0m]
[0m10:10:07    dbt_project.yml file [[32mOK found and valid[0m]
[0m10:10:07  Required dependencies:
[0m10:10:07   - git [[32mOK found[0m]

[0m10:10:07  Connection:
[0m10:10:07    host: localhost
[0m10:10:07    port: 5442
[0m10:10:07    user: postgres
[0m10:10:07    database: pactravel
[0m10:10:07    schema: stg-datamart
[0m10:10:07    connect_timeout: 10
[0m10:10:07    role: None
[0m10:10:07    search_path: None
[0m10:10:07    keepalives_idle: 0
[0m10:10:07    sslmode: None
[0m10:10:07    sslcert: None
[0m10:10:07    sslkey: None
[0m10:10:07    sslrootcert: None
[0m10:10:07    application_name: dbt
[0m10:10:07    retries: 1
[0m10:10:07  Registered adapter: postgres=1.8.2
[0m10:10:07    Connection test: [[32mOK connection ok[0m]

[0m10:10:07  [32mAll checks passed![0m
