[0m06:40:15  Running with dbt=1.9.0-b2
[0m06:40:15  dbt version: 1.9.0-b2
[0m06:40:15  python version: 3.10.12
[0m06:40:15  python path: /usr/bin/python3
[0m06:40:15  os info: Linux-5.15.153.1-microsoft-standard-WSL2-x86_64-with-glibc2.35
[0m06:40:15  Using profiles dir at /home/istywhyerlina/.dbt
[0m06:40:15  Using profiles.yml file at /home/istywhyerlina/.dbt/profiles.yml
[0m06:40:15  Using dbt_project.yml file at /home/istywhyerlina/datastorage_w7/pactravel/dbt_project.yml
[0m06:40:15  adapter type: postgres
[0m06:40:15  adapter version: 1.8.2
[0m06:40:15  Configuration:
[0m06:40:15    profiles.yml file [[32mOK found and valid[0m]
[0m06:40:15    dbt_project.yml file [[32mOK found and valid[0m]
[0m06:40:15  Required dependencies:
[0m06:40:15   - git [[32mOK found[0m]

[0m06:40:15  Connection:
[0m06:40:15    host: localhost
[0m06:40:15    port: 5442
[0m06:40:15    user: postgres
[0m06:40:15    database: pactravel
[0m06:40:15    schema: stg-datamart
[0m06:40:15    connect_timeout: 10
[0m06:40:15    role: None
[0m06:40:15    search_path: None
[0m06:40:15    keepalives_idle: 0
[0m06:40:15    sslmode: None
[0m06:40:15    sslcert: None
[0m06:40:15    sslkey: None
[0m06:40:15    sslrootcert: None
[0m06:40:15    application_name: dbt
[0m06:40:15    retries: 1
[0m06:40:15  Registered adapter: postgres=1.8.2
[0m06:40:16    Connection test: [[32mOK connection ok[0m]

[0m06:40:16  [32mAll checks passed![0m
