[0m03:35:18  Running with dbt=1.9.0-b2
[0m03:35:18  dbt version: 1.9.0-b2
[0m03:35:18  python version: 3.10.12
[0m03:35:18  python path: /usr/bin/python3
[0m03:35:18  os info: Linux-5.15.153.1-microsoft-standard-WSL2-x86_64-with-glibc2.35
[0m03:35:18  Using profiles dir at /home/istywhyerlina/.dbt
[0m03:35:18  Using profiles.yml file at /home/istywhyerlina/.dbt/profiles.yml
[0m03:35:18  Using dbt_project.yml file at /home/istywhyerlina/datastorage_w7/pactravel/dbt_project.yml
[0m03:35:18  adapter type: postgres
[0m03:35:18  adapter version: 1.8.2
[0m03:35:18  Configuration:
[0m03:35:18    profiles.yml file [[32mOK found and valid[0m]
[0m03:35:18    dbt_project.yml file [[32mOK found and valid[0m]
[0m03:35:18  Required dependencies:
[0m03:35:18   - git [[32mOK found[0m]

[0m03:35:18  Connection:
[0m03:35:18    host: localhost
[0m03:35:18    port: 5442
[0m03:35:18    user: postgres
[0m03:35:18    database: pactravel
[0m03:35:18    schema: stg-datamart
[0m03:35:18    connect_timeout: 10
[0m03:35:18    role: None
[0m03:35:18    search_path: None
[0m03:35:18    keepalives_idle: 0
[0m03:35:18    sslmode: None
[0m03:35:18    sslcert: None
[0m03:35:18    sslkey: None
[0m03:35:18    sslrootcert: None
[0m03:35:18    application_name: dbt
[0m03:35:18    retries: 1
[0m03:35:18  Registered adapter: postgres=1.8.2
[0m03:35:18    Connection test: [[32mOK connection ok[0m]

[0m03:35:18  [32mAll checks passed![0m
