[0m03:21:28  Running with dbt=1.9.0-b2
[0m03:21:28  dbt version: 1.9.0-b2
[0m03:21:28  python version: 3.10.12
[0m03:21:28  python path: /usr/bin/python3
[0m03:21:28  os info: Linux-5.15.153.1-microsoft-standard-WSL2-x86_64-with-glibc2.35
[0m03:21:28  Using profiles dir at /home/istywhyerlina/.dbt
[0m03:21:28  Using profiles.yml file at /home/istywhyerlina/.dbt/profiles.yml
[0m03:21:28  Using dbt_project.yml file at /home/istywhyerlina/datastorage_w7/pactravel/dbt_project.yml
[0m03:21:28  adapter type: postgres
[0m03:21:28  adapter version: 1.8.2
[0m03:21:28  Configuration:
[0m03:21:28    profiles.yml file [[32mOK found and valid[0m]
[0m03:21:28    dbt_project.yml file [[32mOK found and valid[0m]
[0m03:21:28  Required dependencies:
[0m03:21:28   - git [[32mOK found[0m]

[0m03:21:28  Connection:
[0m03:21:28    host: localhost
[0m03:21:28    port: 5442
[0m03:21:28    user: postgres
[0m03:21:28    database: pactravel
[0m03:21:28    schema: stg-datamart
[0m03:21:28    connect_timeout: 10
[0m03:21:28    role: None
[0m03:21:28    search_path: None
[0m03:21:28    keepalives_idle: 0
[0m03:21:28    sslmode: None
[0m03:21:28    sslcert: None
[0m03:21:28    sslkey: None
[0m03:21:28    sslrootcert: None
[0m03:21:28    application_name: dbt
[0m03:21:28    retries: 1
[0m03:21:28  Registered adapter: postgres=1.8.2
[0m03:21:28    Connection test: [[32mOK connection ok[0m]

[0m03:21:28  [32mAll checks passed![0m
