[0m04:26:06  Running with dbt=1.9.0-b2
[0m04:26:06  dbt version: 1.9.0-b2
[0m04:26:06  python version: 3.10.12
[0m04:26:06  python path: /usr/bin/python3
[0m04:26:06  os info: Linux-5.15.153.1-microsoft-standard-WSL2-x86_64-with-glibc2.35
[0m04:26:06  Using profiles dir at /home/istywhyerlina/.dbt
[0m04:26:06  Using profiles.yml file at /home/istywhyerlina/.dbt/profiles.yml
[0m04:26:06  Using dbt_project.yml file at /home/istywhyerlina/datastorage_w7/pactravel/dbt_project.yml
[0m04:26:06  adapter type: postgres
[0m04:26:06  adapter version: 1.8.2
[0m04:26:07  Configuration:
[0m04:26:07    profiles.yml file [[32mOK found and valid[0m]
[0m04:26:07    dbt_project.yml file [[32mOK found and valid[0m]
[0m04:26:07  Required dependencies:
[0m04:26:07   - git [[32mOK found[0m]

[0m04:26:07  Connection:
[0m04:26:07    host: localhost
[0m04:26:07    port: 5442
[0m04:26:07    user: postgres
[0m04:26:07    database: pactravel
[0m04:26:07    schema: stg-datamart
[0m04:26:07    connect_timeout: 10
[0m04:26:07    role: None
[0m04:26:07    search_path: None
[0m04:26:07    keepalives_idle: 0
[0m04:26:07    sslmode: None
[0m04:26:07    sslcert: None
[0m04:26:07    sslkey: None
[0m04:26:07    sslrootcert: None
[0m04:26:07    application_name: dbt
[0m04:26:07    retries: 1
[0m04:26:07  Registered adapter: postgres=1.8.2
[0m04:26:07    Connection test: [[32mOK connection ok[0m]

[0m04:26:07  [32mAll checks passed![0m
