[0m01:18:38  Running with dbt=1.9.0-b2
[0m01:18:38  dbt version: 1.9.0-b2
[0m01:18:38  python version: 3.10.12
[0m01:18:38  python path: /usr/bin/python3
[0m01:18:38  os info: Linux-5.15.153.1-microsoft-standard-WSL2-x86_64-with-glibc2.35
[0m01:18:38  Using profiles dir at /home/istywhyerlina/.dbt
[0m01:18:38  Using profiles.yml file at /home/istywhyerlina/.dbt/profiles.yml
[0m01:18:38  Using dbt_project.yml file at /home/istywhyerlina/datastorage_w7/pactravel/dbt_project.yml
[0m01:18:38  adapter type: postgres
[0m01:18:38  adapter version: 1.8.2
[0m01:18:38  Configuration:
[0m01:18:38    profiles.yml file [[32mOK found and valid[0m]
[0m01:18:38    dbt_project.yml file [[32mOK found and valid[0m]
[0m01:18:38  Required dependencies:
[0m01:18:38   - git [[32mOK found[0m]

[0m01:18:38  Connection:
[0m01:18:38    host: localhost
[0m01:18:38    port: 5442
[0m01:18:38    user: postgres
[0m01:18:38    database: pactravel
[0m01:18:38    schema: stg-datamart
[0m01:18:38    connect_timeout: 10
[0m01:18:38    role: None
[0m01:18:38    search_path: None
[0m01:18:38    keepalives_idle: 0
[0m01:18:38    sslmode: None
[0m01:18:38    sslcert: None
[0m01:18:38    sslkey: None
[0m01:18:38    sslrootcert: None
[0m01:18:38    application_name: dbt
[0m01:18:38    retries: 1
[0m01:18:38  Registered adapter: postgres=1.8.2
[0m01:18:38    Connection test: [[32mOK connection ok[0m]

[0m01:18:38  [32mAll checks passed![0m
