[0m03:27:18  Running with dbt=1.9.0-b2
[0m03:27:18  Registered adapter: postgres=1.8.2
[0m03:27:19  Found 15 models, 2 seeds, 1 operation, 63 data tests, 7 sources, 889 macros
[0m03:27:19  
[0m03:27:19  Concurrency: 1 threads (target='dev')
[0m03:27:19  
[0m03:27:19  1 of 15 START sql view model stg-datamart.stg_pactravel__aircrafts ............. [RUN]
[0m03:27:19  1 of 15 OK created sql view model stg-datamart.stg_pactravel__aircrafts ........ [[32mCREATE VIEW[0m in 0.15s]
[0m03:27:19  2 of 15 START sql view model stg-datamart.stg_pactravel__airlines .............. [RUN]
[0m03:27:19  2 of 15 OK created sql view model stg-datamart.stg_pactravel__airlines ......... [[32mCREATE VIEW[0m in 0.04s]
[0m03:27:19  3 of 15 START sql view model stg-datamart.stg_pactravel__airports .............. [RUN]
[0m03:27:19  3 of 15 OK created sql view model stg-datamart.stg_pactravel__airports ......... [[32mCREATE VIEW[0m in 0.04s]
[0m03:27:19  4 of 15 START sql view model stg-datamart.stg_pactravel__customers ............. [RUN]
[0m03:27:19  4 of 15 OK created sql view model stg-datamart.stg_pactravel__customers ........ [[32mCREATE VIEW[0m in 0.04s]
[0m03:27:19  5 of 15 START sql view model stg-datamart.stg_pactravel__flight_bookings ....... [RUN]
[0m03:27:19  5 of 15 OK created sql view model stg-datamart.stg_pactravel__flight_bookings .. [[32mCREATE VIEW[0m in 0.04s]
[0m03:27:19  6 of 15 START sql view model stg-datamart.stg_pactravel__hotel ................. [RUN]
[0m03:27:19  6 of 15 OK created sql view model stg-datamart.stg_pactravel__hotel ............ [[32mCREATE VIEW[0m in 0.04s]
[0m03:27:19  7 of 15 START sql view model stg-datamart.stg_pactravel__hotel_bookings ........ [RUN]
[0m03:27:19  7 of 15 OK created sql view model stg-datamart.stg_pactravel__hotel_bookings ... [[32mCREATE VIEW[0m in 0.04s]
[0m03:27:19  8 of 15 START sql table model stg-datamart.dim_aircrafts ....................... [RUN]
[0m03:27:19  8 of 15 OK created sql table model stg-datamart.dim_aircrafts .................. [[32mSELECT 246[0m in 0.09s]
[0m03:27:19  9 of 15 START sql table model stg-datamart.dim_airlines ........................ [RUN]
[0m03:27:20  9 of 15 OK created sql table model stg-datamart.dim_airlines ................... [[32mSELECT 1251[0m in 0.08s]
[0m03:27:20  10 of 15 START sql table model stg-datamart.dim_airports ....................... [RUN]
[0m03:27:20  10 of 15 OK created sql table model stg-datamart.dim_airports .................. [[32mSELECT 105[0m in 0.05s]
[0m03:27:20  11 of 15 START sql table model stg-datamart.dim_customers ...................... [RUN]
[0m03:27:20  11 of 15 OK created sql table model stg-datamart.dim_customers ................. [[32mSELECT 1000[0m in 0.05s]
[0m03:27:20  12 of 15 START sql table model stg-datamart.dim_hotel .......................... [RUN]
[0m03:27:20  12 of 15 OK created sql table model stg-datamart.dim_hotel ..................... [[32mSELECT 1470[0m in 0.05s]
[0m03:27:20  13 of 15 START sql table model stg-datamart.fct_flight_bookings ................ [RUN]
[0m03:27:20  13 of 15 ERROR creating sql table model stg-datamart.fct_flight_bookings ....... [[31mERROR[0m in 0.04s]
[0m03:27:20  14 of 15 START sql table model stg-datamart.fct_hotel_bookings ................. [RUN]
[0m03:27:20  14 of 15 ERROR creating sql table model stg-datamart.fct_hotel_bookings ........ [[31mERROR[0m in 0.02s]
[0m03:27:20  15 of 15 SKIP relation stg-datamart.fct_bookings ............................... [[33mSKIP[0m]
[0m03:27:20  
[0m03:27:20  Running dbt Constraints
[0m03:27:20  Finished dbt Constraints
[0m03:27:20  1 of 1 START hook: dbt_constraints.on-run-end.0 ................................ [RUN]
[0m03:27:20  1 of 1 OK hook: dbt_constraints.on-run-end.0 ................................... [[32mOK[0m in 0.06s]
[0m03:27:20  
[0m03:27:20  Finished running 1 project hook, 8 table models, 7 view models in 0 hours 0 minutes and 1.04 seconds (1.04s).
[0m03:27:20  
[0m03:27:20  [31mCompleted with 2 errors, 0 partial successs, and 0 warnings:[0m
[0m03:27:20  
[0m03:27:20    Database Error in model fct_flight_bookings (models/marts/core/fct_flight_bookings.sql)
  relation "stg-datamart.dim_dates" does not exist
  LINE 39:     from "pactravel"."stg-datamart"."dim_dates"
                    ^
  compiled code at target/run/pactravel/models/marts/core/fct_flight_bookings.sql
[0m03:27:20  
[0m03:27:20    Database Error in model fct_hotel_bookings (models/marts/core/fct_hotel_bookings.sql)
  relation "stg-datamart.dim_dates" does not exist
  LINE 31:     from "pactravel"."stg-datamart"."dim_dates"
                    ^
  compiled code at target/run/pactravel/models/marts/core/fct_hotel_bookings.sql
[0m03:27:20  
[0m03:27:20  Done. PASS=13 WARN=0 ERROR=2 SKIP=1 TOTAL=16
