[0m03:32:12  Running with dbt=1.9.0-b2
[0m03:32:12  Registered adapter: postgres=1.8.2
[0m03:32:13  Found 15 models, 2 seeds, 1 operation, 63 data tests, 7 sources, 889 macros
[0m03:32:13  
[0m03:32:13  Concurrency: 1 threads (target='dev')
[0m03:32:13  
[0m03:32:13  1 of 15 START sql view model stg-datamart.stg_pactravel__aircrafts ............. [RUN]
[0m03:32:13  1 of 15 OK created sql view model stg-datamart.stg_pactravel__aircrafts ........ [[32mCREATE VIEW[0m in 0.08s]
[0m03:32:13  2 of 15 START sql view model stg-datamart.stg_pactravel__airlines .............. [RUN]
[0m03:32:13  2 of 15 OK created sql view model stg-datamart.stg_pactravel__airlines ......... [[32mCREATE VIEW[0m in 0.04s]
[0m03:32:13  3 of 15 START sql view model stg-datamart.stg_pactravel__airports .............. [RUN]
[0m03:32:13  3 of 15 OK created sql view model stg-datamart.stg_pactravel__airports ......... [[32mCREATE VIEW[0m in 0.03s]
[0m03:32:13  4 of 15 START sql view model stg-datamart.stg_pactravel__customers ............. [RUN]
[0m03:32:13  4 of 15 OK created sql view model stg-datamart.stg_pactravel__customers ........ [[32mCREATE VIEW[0m in 0.03s]
[0m03:32:13  5 of 15 START sql view model stg-datamart.stg_pactravel__flight_bookings ....... [RUN]
[0m03:32:13  5 of 15 OK created sql view model stg-datamart.stg_pactravel__flight_bookings .. [[32mCREATE VIEW[0m in 0.04s]
[0m03:32:13  6 of 15 START sql view model stg-datamart.stg_pactravel__hotel ................. [RUN]
[0m03:32:13  6 of 15 OK created sql view model stg-datamart.stg_pactravel__hotel ............ [[32mCREATE VIEW[0m in 0.04s]
[0m03:32:13  7 of 15 START sql view model stg-datamart.stg_pactravel__hotel_bookings ........ [RUN]
[0m03:32:13  7 of 15 OK created sql view model stg-datamart.stg_pactravel__hotel_bookings ... [[32mCREATE VIEW[0m in 0.04s]
[0m03:32:13  8 of 15 START sql table model stg-datamart.dim_aircrafts ....................... [RUN]
[0m03:32:13  8 of 15 OK created sql table model stg-datamart.dim_aircrafts .................. [[32mSELECT 246[0m in 0.09s]
[0m03:32:13  9 of 15 START sql table model stg-datamart.dim_airlines ........................ [RUN]
[0m03:32:13  9 of 15 OK created sql table model stg-datamart.dim_airlines ................... [[32mSELECT 1251[0m in 0.05s]
[0m03:32:13  10 of 15 START sql table model stg-datamart.dim_airports ....................... [RUN]
[0m03:32:13  10 of 15 OK created sql table model stg-datamart.dim_airports .................. [[32mSELECT 105[0m in 0.04s]
[0m03:32:13  11 of 15 START sql table model stg-datamart.dim_customers ...................... [RUN]
[0m03:32:13  11 of 15 OK created sql table model stg-datamart.dim_customers ................. [[32mSELECT 1000[0m in 0.04s]
[0m03:32:13  12 of 15 START sql table model stg-datamart.dim_hotel .......................... [RUN]
[0m03:32:13  12 of 15 OK created sql table model stg-datamart.dim_hotel ..................... [[32mSELECT 1470[0m in 0.05s]
[0m03:32:13  13 of 15 START sql table model stg-datamart.fct_flight_bookings ................ [RUN]
[0m03:32:14  13 of 15 OK created sql table model stg-datamart.fct_flight_bookings ........... [[32mSELECT 8190[0m in 0.68s]
[0m03:32:14  14 of 15 START sql table model stg-datamart.fct_hotel_bookings ................. [RUN]
[0m03:32:15  14 of 15 OK created sql table model stg-datamart.fct_hotel_bookings ............ [[32mSELECT 217[0m in 0.95s]
[0m03:32:15  15 of 15 START sql table model stg-datamart.fct_bookings ....................... [RUN]
[0m03:32:15  15 of 15 OK created sql table model stg-datamart.fct_bookings .................. [[32mSELECT 8407[0m in 0.06s]
[0m03:32:15  
[0m03:32:15  Running dbt Constraints
[0m03:32:15  Finished dbt Constraints
[0m03:32:15  1 of 1 START hook: dbt_constraints.on-run-end.0 ................................ [RUN]
[0m03:32:15  1 of 1 OK hook: dbt_constraints.on-run-end.0 ................................... [[32mOK[0m in 0.04s]
[0m03:32:15  
[0m03:32:15  Finished running 1 project hook, 8 table models, 7 view models in 0 hours 0 minutes and 2.40 seconds (2.40s).
[0m03:32:15  
[0m03:32:15  [32mCompleted successfully[0m
[0m03:32:15  
[0m03:32:15  Done. PASS=16 WARN=0 ERROR=0 SKIP=0 TOTAL=16
