[0m03:35:30  Running with dbt=1.9.0-b2
[0m03:35:31  Registered adapter: postgres=1.8.2
[0m03:35:31  Found 15 models, 2 seeds, 1 operation, 63 data tests, 7 sources, 889 macros
[0m03:35:31  
[0m03:35:31  Concurrency: 1 threads (target='dev')
[0m03:35:31  
[0m03:35:31  1 of 80 START sql view model stg-datamart.stg_pactravel__aircrafts ............. [RUN]
[0m03:35:31  1 of 80 OK created sql view model stg-datamart.stg_pactravel__aircrafts ........ [[32mCREATE VIEW[0m in 0.07s]
[0m03:35:31  2 of 80 START sql view model stg-datamart.stg_pactravel__airlines .............. [RUN]
[0m03:35:31  2 of 80 OK created sql view model stg-datamart.stg_pactravel__airlines ......... [[32mCREATE VIEW[0m in 0.03s]
[0m03:35:31  3 of 80 START sql view model stg-datamart.stg_pactravel__airports .............. [RUN]
[0m03:35:31  3 of 80 OK created sql view model stg-datamart.stg_pactravel__airports ......... [[32mCREATE VIEW[0m in 0.03s]
[0m03:35:31  4 of 80 START sql view model stg-datamart.stg_pactravel__customers ............. [RUN]
[0m03:35:31  4 of 80 OK created sql view model stg-datamart.stg_pactravel__customers ........ [[32mCREATE VIEW[0m in 0.03s]
[0m03:35:31  5 of 80 START sql view model stg-datamart.stg_pactravel__flight_bookings ....... [RUN]
[0m03:35:31  5 of 80 OK created sql view model stg-datamart.stg_pactravel__flight_bookings .. [[32mCREATE VIEW[0m in 0.04s]
[0m03:35:31  6 of 80 START sql view model stg-datamart.stg_pactravel__hotel ................. [RUN]
[0m03:35:31  6 of 80 OK created sql view model stg-datamart.stg_pactravel__hotel ............ [[32mCREATE VIEW[0m in 0.03s]
[0m03:35:31  7 of 80 START sql view model stg-datamart.stg_pactravel__hotel_bookings ........ [RUN]
[0m03:35:31  7 of 80 OK created sql view model stg-datamart.stg_pactravel__hotel_bookings ... [[32mCREATE VIEW[0m in 0.07s]
[0m03:35:31  8 of 80 START seed file stg-datamart.dim_dates ................................. [RUN]
[0m03:37:03  8 of 80 OK loaded seed file stg-datamart.dim_dates ............................. [[32mINSERT 29220[0m in 91.23s]
[0m03:37:03  9 of 80 START seed file stg-datamart.dim_times ................................. [RUN]
[0m03:37:04  9 of 80 OK loaded seed file stg-datamart.dim_times ............................. [[32mINSERT 1440[0m in 1.41s]
[0m03:37:04  10 of 80 START sql table model stg-datamart.dim_aircrafts ...................... [RUN]
[0m03:37:04  10 of 80 OK created sql table model stg-datamart.dim_aircrafts ................. [[32mSELECT 246[0m in 0.08s]
[0m03:37:04  11 of 80 START sql table model stg-datamart.dim_airlines ....................... [RUN]
[0m03:37:04  11 of 80 OK created sql table model stg-datamart.dim_airlines .................. [[32mSELECT 1251[0m in 0.05s]
[0m03:37:04  12 of 80 START sql table model stg-datamart.dim_airports ....................... [RUN]
[0m03:37:04  12 of 80 OK created sql table model stg-datamart.dim_airports .................. [[32mSELECT 105[0m in 0.05s]
[0m03:37:04  13 of 80 START sql table model stg-datamart.dim_customers ...................... [RUN]
[0m03:37:04  13 of 80 OK created sql table model stg-datamart.dim_customers ................. [[32mSELECT 1000[0m in 0.05s]
[0m03:37:04  14 of 80 START sql table model stg-datamart.dim_hotel .......................... [RUN]
[0m03:37:04  14 of 80 OK created sql table model stg-datamart.dim_hotel ..................... [[32mSELECT 1470[0m in 0.05s]
[0m03:37:04  15 of 80 START test dbt_constraints_primary_key_dim_dates_date_id .............. [RUN]
[0m03:37:04  15 of 80 PASS dbt_constraints_primary_key_dim_dates_date_id .................... [[32mPASS[0m in 0.05s]
[0m03:37:04  16 of 80 START test not_null_dim_dates_date_id ................................. [RUN]
[0m03:37:04  16 of 80 PASS not_null_dim_dates_date_id ....................................... [[32mPASS[0m in 0.02s]
[0m03:37:04  17 of 80 START test dbt_constraints_primary_key_dim_times_time_id .............. [RUN]
[0m03:37:04  17 of 80 PASS dbt_constraints_primary_key_dim_times_time_id .................... [[32mPASS[0m in 0.02s]
[0m03:37:04  18 of 80 START test not_null_dim_times_time_id ................................. [RUN]
[0m03:37:04  18 of 80 PASS not_null_dim_times_time_id ....................................... [[32mPASS[0m in 0.02s]
[0m03:37:04  19 of 80 START test dbt_constraints_primary_key_dim_aircrafts_sk_aircraft_id ... [RUN]
[0m03:37:04  19 of 80 PASS dbt_constraints_primary_key_dim_aircrafts_sk_aircraft_id ......... [[32mPASS[0m in 0.06s]
[0m03:37:04  20 of 80 START test not_null_dim_aircrafts_nk_aircraft_id ...................... [RUN]
[0m03:37:04  20 of 80 PASS not_null_dim_aircrafts_nk_aircraft_id ............................ [[32mPASS[0m in 0.02s]
[0m03:37:04  21 of 80 START test not_null_dim_aircrafts_sk_aircraft_id ...................... [RUN]
[0m03:37:05  21 of 80 PASS not_null_dim_aircrafts_sk_aircraft_id ............................ [[32mPASS[0m in 0.02s]
[0m03:37:05  22 of 80 START test dbt_constraints_primary_key_dim_airlines_sk_airline_id ..... [RUN]
[0m03:37:05  22 of 80 PASS dbt_constraints_primary_key_dim_airlines_sk_airline_id ........... [[32mPASS[0m in 0.02s]
[0m03:37:05  23 of 80 START test not_null_dim_airlines_nk_airline_id ........................ [RUN]
[0m03:37:05  23 of 80 PASS not_null_dim_airlines_nk_airline_id .............................. [[32mPASS[0m in 0.02s]
[0m03:37:05  24 of 80 START test not_null_dim_airlines_sk_airline_id ........................ [RUN]
[0m03:37:05  24 of 80 PASS not_null_dim_airlines_sk_airline_id .............................. [[32mPASS[0m in 0.02s]
[0m03:37:05  25 of 80 START test dbt_constraints_primary_key_dim_airports_sk_airport_id ..... [RUN]
[0m03:37:05  25 of 80 PASS dbt_constraints_primary_key_dim_airports_sk_airport_id ........... [[32mPASS[0m in 0.02s]
[0m03:37:05  26 of 80 START test not_null_dim_airports_nk_airport_id ........................ [RUN]
[0m03:37:05  26 of 80 PASS not_null_dim_airports_nk_airport_id .............................. [[32mPASS[0m in 0.02s]
[0m03:37:05  27 of 80 START test not_null_dim_airports_sk_airport_id ........................ [RUN]
[0m03:37:05  27 of 80 PASS not_null_dim_airports_sk_airport_id .............................. [[32mPASS[0m in 0.02s]
[0m03:37:05  28 of 80 START test dbt_constraints_primary_key_dim_customers_sk_customer_id ... [RUN]
[0m03:37:05  28 of 80 PASS dbt_constraints_primary_key_dim_customers_sk_customer_id ......... [[32mPASS[0m in 0.02s]
[0m03:37:05  29 of 80 START test not_null_dim_customers_nk_customer_id ...................... [RUN]
[0m03:37:05  29 of 80 PASS not_null_dim_customers_nk_customer_id ............................ [[32mPASS[0m in 0.02s]
[0m03:37:05  30 of 80 START test not_null_dim_customers_sk_customer_id ...................... [RUN]
[0m03:37:05  30 of 80 PASS not_null_dim_customers_sk_customer_id ............................ [[32mPASS[0m in 0.02s]
[0m03:37:05  31 of 80 START test dbt_constraints_primary_key_dim_hotel_sk_hotels_id ......... [RUN]
[0m03:37:05  31 of 80 PASS dbt_constraints_primary_key_dim_hotel_sk_hotels_id ............... [[32mPASS[0m in 0.02s]
[0m03:37:05  32 of 80 START test not_null_dim_hotel_nk_hotel_id ............................. [RUN]
[0m03:37:05  32 of 80 PASS not_null_dim_hotel_nk_hotel_id ................................... [[32mPASS[0m in 0.02s]
[0m03:37:05  33 of 80 START test not_null_dim_hotel_sk_hotels_id ............................ [RUN]
[0m03:37:05  33 of 80 PASS not_null_dim_hotel_sk_hotels_id .................................. [[32mPASS[0m in 0.02s]
[0m03:37:05  34 of 80 START sql table model stg-datamart.fct_flight_bookings ................ [RUN]
[0m03:37:06  34 of 80 OK created sql table model stg-datamart.fct_flight_bookings ........... [[32mSELECT 8190[0m in 0.77s]
[0m03:37:06  35 of 80 START sql table model stg-datamart.fct_hotel_bookings ................. [RUN]
[0m03:37:06  35 of 80 OK created sql table model stg-datamart.fct_hotel_bookings ............ [[32mSELECT 217[0m in 0.50s]
[0m03:37:06  36 of 80 START test dbt_constraints_foreign_key_fct_flight_bookings_aircraft_id__sk_aircraft_id__ref_dim_aircrafts_  [RUN]
[0m03:37:06  36 of 80 PASS dbt_constraints_foreign_key_fct_flight_bookings_aircraft_id__sk_aircraft_id__ref_dim_aircrafts_  [[32mPASS[0m in 0.03s]
[0m03:37:06  37 of 80 START test dbt_constraints_foreign_key_fct_flight_bookings_airline_id__sk_airline_id__ref_dim_airlines_  [RUN]
[0m03:37:06  37 of 80 PASS dbt_constraints_foreign_key_fct_flight_bookings_airline_id__sk_airline_id__ref_dim_airlines_  [[32mPASS[0m in 0.02s]
[0m03:37:06  38 of 80 START test dbt_constraints_foreign_key_fct_flight_bookings_airport_dst__sk_airport_id__ref_dim_airports_  [RUN]
[0m03:37:06  38 of 80 PASS dbt_constraints_foreign_key_fct_flight_bookings_airport_dst__sk_airport_id__ref_dim_airports_  [[32mPASS[0m in 0.02s]
[0m03:37:06  39 of 80 START test dbt_constraints_foreign_key_fct_flight_bookings_airport_src__sk_airport_id__ref_dim_airports_  [RUN]
[0m03:37:06  39 of 80 PASS dbt_constraints_foreign_key_fct_flight_bookings_airport_src__sk_airport_id__ref_dim_airports_  [[32mPASS[0m in 0.02s]
[0m03:37:06  40 of 80 START test dbt_constraints_foreign_key_fct_flight_bookings_customer_id__sk_customer_id__ref_dim_customers_  [RUN]
[0m03:37:06  40 of 80 PASS dbt_constraints_foreign_key_fct_flight_bookings_customer_id__sk_customer_id__ref_dim_customers_  [[32mPASS[0m in 0.02s]
[0m03:37:06  41 of 80 START test dbt_constraints_foreign_key_fct_flight_bookings_scheduled_departure_date_local__date_id__ref_dim_dates_  [RUN]
[0m03:37:06  41 of 80 PASS dbt_constraints_foreign_key_fct_flight_bookings_scheduled_departure_date_local__date_id__ref_dim_dates_  [[32mPASS[0m in 0.03s]
[0m03:37:06  42 of 80 START test dbt_constraints_foreign_key_fct_flight_bookings_scheduled_departure_date_utc__date_id__ref_dim_dates_  [RUN]
[0m03:37:06  42 of 80 PASS dbt_constraints_foreign_key_fct_flight_bookings_scheduled_departure_date_utc__date_id__ref_dim_dates_  [[32mPASS[0m in 0.02s]
[0m03:37:06  43 of 80 START test dbt_constraints_foreign_key_fct_flight_bookings_scheduled_departure_time_local__time_id__ref_dim_times_  [RUN]
[0m03:37:06  43 of 80 PASS dbt_constraints_foreign_key_fct_flight_bookings_scheduled_departure_time_local__time_id__ref_dim_times_  [[32mPASS[0m in 0.02s]
[0m03:37:06  44 of 80 START test dbt_constraints_foreign_key_fct_flight_bookings_scheduled_departure_time_utc__time_id__ref_dim_times_  [RUN]
[0m03:37:06  44 of 80 PASS dbt_constraints_foreign_key_fct_flight_bookings_scheduled_departure_time_utc__time_id__ref_dim_times_  [[32mPASS[0m in 0.02s]
[0m03:37:06  45 of 80 START test dbt_constraints_primary_key_fct_flight_bookings_sk_booking_id  [RUN]
[0m03:37:06  45 of 80 PASS dbt_constraints_primary_key_fct_flight_bookings_sk_booking_id .... [[32mPASS[0m in 0.02s]
[0m03:37:06  46 of 80 START test not_null_fct_flight_bookings_aircraft_id ................... [RUN]
[0m03:37:06  46 of 80 PASS not_null_fct_flight_bookings_aircraft_id ......................... [[32mPASS[0m in 0.02s]
[0m03:37:06  47 of 80 START test not_null_fct_flight_bookings_airline_id .................... [RUN]
[0m03:37:06  47 of 80 PASS not_null_fct_flight_bookings_airline_id .......................... [[32mPASS[0m in 0.02s]
[0m03:37:06  48 of 80 START test not_null_fct_flight_bookings_airport_dst ................... [RUN]
[0m03:37:06  48 of 80 PASS not_null_fct_flight_bookings_airport_dst ......................... [[32mPASS[0m in 0.02s]
[0m03:37:06  49 of 80 START test not_null_fct_flight_bookings_airport_src ................... [RUN]
[0m03:37:06  49 of 80 PASS not_null_fct_flight_bookings_airport_src ......................... [[32mPASS[0m in 0.02s]
[0m03:37:06  50 of 80 START test not_null_fct_flight_bookings_customer_id ................... [RUN]
[0m03:37:06  50 of 80 PASS not_null_fct_flight_bookings_customer_id ......................... [[32mPASS[0m in 0.02s]
[0m03:37:06  51 of 80 START test not_null_fct_flight_bookings_nk_trip_id .................... [RUN]
[0m03:37:06  51 of 80 PASS not_null_fct_flight_bookings_nk_trip_id .......................... [[32mPASS[0m in 0.02s]
[0m03:37:06  52 of 80 START test not_null_fct_flight_bookings_scheduled_departure_date_local  [RUN]
[0m03:37:06  52 of 80 PASS not_null_fct_flight_bookings_scheduled_departure_date_local ...... [[32mPASS[0m in 0.02s]
[0m03:37:06  53 of 80 START test not_null_fct_flight_bookings_scheduled_departure_date_utc .. [RUN]
[0m03:37:06  53 of 80 PASS not_null_fct_flight_bookings_scheduled_departure_date_utc ........ [[32mPASS[0m in 0.02s]
[0m03:37:06  54 of 80 START test not_null_fct_flight_bookings_scheduled_departure_time_local  [RUN]
[0m03:37:06  54 of 80 PASS not_null_fct_flight_bookings_scheduled_departure_time_local ...... [[32mPASS[0m in 0.02s]
[0m03:37:06  55 of 80 START test not_null_fct_flight_bookings_scheduled_departure_time_utc .. [RUN]
[0m03:37:06  55 of 80 PASS not_null_fct_flight_bookings_scheduled_departure_time_utc ........ [[32mPASS[0m in 0.02s]
[0m03:37:06  56 of 80 START test not_null_fct_flight_bookings_sk_booking_id ................. [RUN]
[0m03:37:06  56 of 80 PASS not_null_fct_flight_bookings_sk_booking_id ....................... [[32mPASS[0m in 0.02s]
[0m03:37:07  57 of 80 START test dbt_constraints_foreign_key_fct_hotel_bookings_check_in_date_local__date_id__ref_dim_dates_  [RUN]
[0m03:37:07  57 of 80 PASS dbt_constraints_foreign_key_fct_hotel_bookings_check_in_date_local__date_id__ref_dim_dates_  [[32mPASS[0m in 0.02s]
[0m03:37:07  58 of 80 START test dbt_constraints_foreign_key_fct_hotel_bookings_check_in_date_utc__date_id__ref_dim_dates_  [RUN]
[0m03:37:07  58 of 80 PASS dbt_constraints_foreign_key_fct_hotel_bookings_check_in_date_utc__date_id__ref_dim_dates_  [[32mPASS[0m in 0.03s]
[0m03:37:07  59 of 80 START test dbt_constraints_foreign_key_fct_hotel_bookings_check_out_date_local__date_id__ref_dim_dates_  [RUN]
[0m03:37:07  59 of 80 PASS dbt_constraints_foreign_key_fct_hotel_bookings_check_out_date_local__date_id__ref_dim_dates_  [[32mPASS[0m in 0.03s]
[0m03:37:07  60 of 80 START test dbt_constraints_foreign_key_fct_hotel_bookings_check_out_date_utc__date_id__ref_dim_dates_  [RUN]
[0m03:37:07  60 of 80 PASS dbt_constraints_foreign_key_fct_hotel_bookings_check_out_date_utc__date_id__ref_dim_dates_  [[32mPASS[0m in 0.03s]
[0m03:37:07  61 of 80 START test dbt_constraints_foreign_key_fct_hotel_bookings_customer_id__sk_customer_id__ref_dim_customers_  [RUN]
[0m03:37:07  61 of 80 PASS dbt_constraints_foreign_key_fct_hotel_bookings_customer_id__sk_customer_id__ref_dim_customers_  [[32mPASS[0m in 0.07s]
[0m03:37:07  62 of 80 START test dbt_constraints_foreign_key_fct_hotel_bookings_hotel_id__sk_hotels_id__ref_dim_hotel_  [RUN]
[0m03:37:07  62 of 80 PASS dbt_constraints_foreign_key_fct_hotel_bookings_hotel_id__sk_hotels_id__ref_dim_hotel_  [[32mPASS[0m in 0.02s]
[0m03:37:07  63 of 80 START test dbt_constraints_primary_key_fct_hotel_bookings_sk_booking_id  [RUN]
[0m03:37:07  63 of 80 PASS dbt_constraints_primary_key_fct_hotel_bookings_sk_booking_id ..... [[32mPASS[0m in 0.02s]
[0m03:37:07  64 of 80 START test not_null_fct_hotel_bookings_check_in_date_local ............ [RUN]
[0m03:37:07  64 of 80 PASS not_null_fct_hotel_bookings_check_in_date_local .................. [[32mPASS[0m in 0.02s]
[0m03:37:07  65 of 80 START test not_null_fct_hotel_bookings_check_in_date_utc .............. [RUN]
[0m03:37:07  65 of 80 PASS not_null_fct_hotel_bookings_check_in_date_utc .................... [[32mPASS[0m in 0.02s]
[0m03:37:07  66 of 80 START test not_null_fct_hotel_bookings_check_out_date_local ........... [RUN]
[0m03:37:07  66 of 80 PASS not_null_fct_hotel_bookings_check_out_date_local ................. [[32mPASS[0m in 0.02s]
[0m03:37:07  67 of 80 START test not_null_fct_hotel_bookings_check_out_date_utc ............. [RUN]
[0m03:37:07  67 of 80 PASS not_null_fct_hotel_bookings_check_out_date_utc ................... [[32mPASS[0m in 0.02s]
[0m03:37:07  68 of 80 START test not_null_fct_hotel_bookings_customer_id .................... [RUN]
[0m03:37:07  68 of 80 PASS not_null_fct_hotel_bookings_customer_id .......................... [[32mPASS[0m in 0.02s]
[0m03:37:07  69 of 80 START test not_null_fct_hotel_bookings_hotel_id ....................... [RUN]
[0m03:37:07  69 of 80 PASS not_null_fct_hotel_bookings_hotel_id ............................. [[32mPASS[0m in 0.02s]
[0m03:37:07  70 of 80 START test not_null_fct_hotel_bookings_nk_trip_id ..................... [RUN]
[0m03:37:07  70 of 80 PASS not_null_fct_hotel_bookings_nk_trip_id ........................... [[32mPASS[0m in 0.02s]
[0m03:37:07  71 of 80 START test not_null_fct_hotel_bookings_sk_booking_id .................. [RUN]
[0m03:37:07  71 of 80 PASS not_null_fct_hotel_bookings_sk_booking_id ........................ [[32mPASS[0m in 0.02s]
[0m03:37:07  72 of 80 START sql table model stg-datamart.fct_bookings ....................... [RUN]
[0m03:37:07  72 of 80 OK created sql table model stg-datamart.fct_bookings .................. [[32mSELECT 8407[0m in 0.06s]
[0m03:37:07  73 of 80 START test dbt_constraints_foreign_key_fct_bookings_customer_id__sk_customer_id__ref_dim_customers_  [RUN]
[0m03:37:07  73 of 80 PASS dbt_constraints_foreign_key_fct_bookings_customer_id__sk_customer_id__ref_dim_customers_  [[32mPASS[0m in 0.02s]
[0m03:37:07  74 of 80 START test dbt_constraints_foreign_key_fct_bookings_trip_date_local__date_id__ref_dim_dates_  [RUN]
[0m03:37:07  74 of 80 PASS dbt_constraints_foreign_key_fct_bookings_trip_date_local__date_id__ref_dim_dates_  [[32mPASS[0m in 0.02s]
[0m03:37:07  75 of 80 START test dbt_constraints_foreign_key_fct_bookings_trip_date_utc__date_id__ref_dim_dates_  [RUN]
[0m03:37:07  75 of 80 PASS dbt_constraints_foreign_key_fct_bookings_trip_date_utc__date_id__ref_dim_dates_  [[32mPASS[0m in 0.03s]
[0m03:37:07  76 of 80 START test dbt_constraints_primary_key_fct_bookings_sk_booking_id ..... [RUN]
[0m03:37:07  76 of 80 PASS dbt_constraints_primary_key_fct_bookings_sk_booking_id ........... [[32mPASS[0m in 0.02s]
[0m03:37:07  77 of 80 START test not_null_fct_bookings_customer_id .......................... [RUN]
[0m03:37:07  77 of 80 PASS not_null_fct_bookings_customer_id ................................ [[32mPASS[0m in 0.02s]
[0m03:37:07  78 of 80 START test not_null_fct_bookings_sk_booking_id ........................ [RUN]
[0m03:37:07  78 of 80 PASS not_null_fct_bookings_sk_booking_id .............................. [[32mPASS[0m in 0.02s]
[0m03:37:07  79 of 80 START test not_null_fct_bookings_trip_date_local ...................... [RUN]
[0m03:37:07  79 of 80 PASS not_null_fct_bookings_trip_date_local ............................ [[32mPASS[0m in 0.02s]
[0m03:37:07  80 of 80 START test not_null_fct_bookings_trip_date_utc ........................ [RUN]
[0m03:37:07  80 of 80 PASS not_null_fct_bookings_trip_date_utc .............................. [[32mPASS[0m in 0.02s]
[0m03:37:07  
[0m03:37:07  Running dbt Constraints
[0m03:37:07  Creating not null constraint for: date_id in "pactravel"."stg-datamart"."dim_dates"
[0m03:37:07  Creating not null constraint for: time_id in "pactravel"."stg-datamart"."dim_times"
[0m03:37:07  Creating not null constraint for: nk_aircraft_id in "pactravel"."stg-datamart"."dim_aircrafts"
[0m03:37:07  Creating not null constraint for: sk_aircraft_id in "pactravel"."stg-datamart"."dim_aircrafts"
[0m03:37:07  Creating not null constraint for: nk_airline_id in "pactravel"."stg-datamart"."dim_airlines"
[0m03:37:07  Creating not null constraint for: sk_airline_id in "pactravel"."stg-datamart"."dim_airlines"
[0m03:37:07  Creating not null constraint for: nk_airport_id in "pactravel"."stg-datamart"."dim_airports"
[0m03:37:07  Creating not null constraint for: sk_airport_id in "pactravel"."stg-datamart"."dim_airports"
[0m03:37:07  Creating not null constraint for: nk_customer_id in "pactravel"."stg-datamart"."dim_customers"
[0m03:37:07  Creating not null constraint for: sk_customer_id in "pactravel"."stg-datamart"."dim_customers"
[0m03:37:07  Creating not null constraint for: nk_hotel_id in "pactravel"."stg-datamart"."dim_hotel"
[0m03:37:07  Creating not null constraint for: sk_hotels_id in "pactravel"."stg-datamart"."dim_hotel"
[0m03:37:07  Creating not null constraint for: aircraft_id in "pactravel"."stg-datamart"."fct_flight_bookings"
[0m03:37:07  Creating not null constraint for: airline_id in "pactravel"."stg-datamart"."fct_flight_bookings"
[0m03:37:07  Creating not null constraint for: airport_dst in "pactravel"."stg-datamart"."fct_flight_bookings"
[0m03:37:07  Creating not null constraint for: airport_src in "pactravel"."stg-datamart"."fct_flight_bookings"
[0m03:37:07  Creating not null constraint for: customer_id in "pactravel"."stg-datamart"."fct_flight_bookings"
[0m03:37:07  Creating not null constraint for: nk_trip_id in "pactravel"."stg-datamart"."fct_flight_bookings"
[0m03:37:07  Creating not null constraint for: scheduled_departure_date_local in "pactravel"."stg-datamart"."fct_flight_bookings"
[0m03:37:07  Creating not null constraint for: scheduled_departure_date_utc in "pactravel"."stg-datamart"."fct_flight_bookings"
[0m03:37:07  Creating not null constraint for: scheduled_departure_time_local in "pactravel"."stg-datamart"."fct_flight_bookings"
[0m03:37:07  Creating not null constraint for: scheduled_departure_time_utc in "pactravel"."stg-datamart"."fct_flight_bookings"
[0m03:37:07  Creating not null constraint for: sk_booking_id in "pactravel"."stg-datamart"."fct_flight_bookings"
[0m03:37:07  Creating not null constraint for: check_in_date_local in "pactravel"."stg-datamart"."fct_hotel_bookings"
[0m03:37:07  Creating not null constraint for: check_in_date_utc in "pactravel"."stg-datamart"."fct_hotel_bookings"
[0m03:37:08  Creating not null constraint for: check_out_date_local in "pactravel"."stg-datamart"."fct_hotel_bookings"
[0m03:37:08  Creating not null constraint for: check_out_date_utc in "pactravel"."stg-datamart"."fct_hotel_bookings"
[0m03:37:08  Creating not null constraint for: customer_id in "pactravel"."stg-datamart"."fct_hotel_bookings"
[0m03:37:08  Creating not null constraint for: hotel_id in "pactravel"."stg-datamart"."fct_hotel_bookings"
[0m03:37:08  Creating not null constraint for: nk_trip_id in "pactravel"."stg-datamart"."fct_hotel_bookings"
[0m03:37:08  Creating not null constraint for: sk_booking_id in "pactravel"."stg-datamart"."fct_hotel_bookings"
[0m03:37:08  Creating not null constraint for: customer_id in "pactravel"."stg-datamart"."fct_bookings"
[0m03:37:08  Creating not null constraint for: sk_booking_id in "pactravel"."stg-datamart"."fct_bookings"
[0m03:37:08  Creating not null constraint for: trip_date_local in "pactravel"."stg-datamart"."fct_bookings"
[0m03:37:08  Creating not null constraint for: trip_date_utc in "pactravel"."stg-datamart"."fct_bookings"
[0m03:37:08  Creating not null constraint for: date_id in "pactravel"."stg-datamart"."dim_dates"
[0m03:37:08  Creating primary key: DIM_DATES_DATE_ID_PK
[0m03:37:08  Creating not null constraint for: time_id in "pactravel"."stg-datamart"."dim_times"
[0m03:37:08  Creating primary key: DIM_TIMES_TIME_ID_PK
[0m03:37:08  Creating not null constraint for: sk_aircraft_id in "pactravel"."stg-datamart"."dim_aircrafts"
[0m03:37:08  Creating primary key: DIM_AIRCRAFTS_SK_AIRCRAFT_ID_PK
[0m03:37:08  Creating not null constraint for: sk_airline_id in "pactravel"."stg-datamart"."dim_airlines"
[0m03:37:08  Creating primary key: DIM_AIRLINES_SK_AIRLINE_ID_PK
[0m03:37:08  Creating not null constraint for: sk_airport_id in "pactravel"."stg-datamart"."dim_airports"
[0m03:37:08  Creating primary key: DIM_AIRPORTS_SK_AIRPORT_ID_PK
[0m03:37:08  Creating not null constraint for: sk_customer_id in "pactravel"."stg-datamart"."dim_customers"
[0m03:37:08  Creating primary key: DIM_CUSTOMERS_SK_CUSTOMER_ID_PK
[0m03:37:08  Creating not null constraint for: sk_hotels_id in "pactravel"."stg-datamart"."dim_hotel"
[0m03:37:08  Creating primary key: DIM_HOTEL_SK_HOTELS_ID_PK
[0m03:37:08  Creating not null constraint for: sk_booking_id in "pactravel"."stg-datamart"."fct_flight_bookings"
[0m03:37:08  Creating primary key: FCT_FLIGHT_BOOKINGS_SK_BOOKING_ID_PK
[0m03:37:08  Creating not null constraint for: sk_booking_id in "pactravel"."stg-datamart"."fct_hotel_bookings"
[0m03:37:08  Creating primary key: FCT_HOTEL_BOOKINGS_SK_BOOKING_ID_PK
[0m03:37:08  Creating not null constraint for: sk_booking_id in "pactravel"."stg-datamart"."fct_bookings"
[0m03:37:08  Creating primary key: FCT_BOOKINGS_SK_BOOKING_ID_PK
[0m03:37:08  Creating foreign key: FCT_FLIGHT_BOOKINGS_AIRCRAFT_ID_FK referencing dim_aircrafts ['sk_aircraft_id']
[0m03:37:08  Creating foreign key: FCT_FLIGHT_BOOKINGS_AIRLINE_ID_FK referencing dim_airlines ['sk_airline_id']
[0m03:37:08  Creating foreign key: FCT_FLIGHT_BOOKINGS_AIRPORT_DST_FK referencing dim_airports ['sk_airport_id']
[0m03:37:08  Creating foreign key: FCT_FLIGHT_BOOKINGS_AIRPORT_SRC_FK referencing dim_airports ['sk_airport_id']
[0m03:37:08  Creating foreign key: FCT_FLIGHT_BOOKINGS_CUSTOMER_ID_FK referencing dim_customers ['sk_customer_id']
[0m03:37:08  Creating foreign key: FCT_FLIGHT_BOOKINGS_SCHEDULED_DEPARTURE_DATE_LOCAL_FK referencing dim_dates ['date_id']
[0m03:37:08  Creating foreign key: FCT_FLIGHT_BOOKINGS_SCHEDULED_DEPARTURE_DATE_UTC_FK referencing dim_dates ['date_id']
[0m03:37:08  Creating foreign key: FCT_FLIGHT_BOOKINGS_SCHEDULED_DEPARTURE_TIME_LOCAL_FK referencing dim_times ['time_id']
[0m03:37:08  Creating foreign key: FCT_FLIGHT_BOOKINGS_SCHEDULED_DEPARTURE_TIME_UTC_FK referencing dim_times ['time_id']
[0m03:37:08  Creating foreign key: FCT_HOTEL_BOOKINGS_CHECK_IN_DATE_LOCAL_FK referencing dim_dates ['date_id']
[0m03:37:08  Creating foreign key: FCT_HOTEL_BOOKINGS_CHECK_IN_DATE_UTC_FK referencing dim_dates ['date_id']
[0m03:37:08  Creating foreign key: FCT_HOTEL_BOOKINGS_CHECK_OUT_DATE_LOCAL_FK referencing dim_dates ['date_id']
[0m03:37:08  Creating foreign key: FCT_HOTEL_BOOKINGS_CHECK_OUT_DATE_UTC_FK referencing dim_dates ['date_id']
[0m03:37:08  Creating foreign key: FCT_HOTEL_BOOKINGS_CUSTOMER_ID_FK referencing dim_customers ['sk_customer_id']
[0m03:37:08  Creating foreign key: FCT_HOTEL_BOOKINGS_HOTEL_ID_FK referencing dim_hotel ['sk_hotels_id']
[0m03:37:08  Creating foreign key: FCT_BOOKINGS_CUSTOMER_ID_FK referencing dim_customers ['sk_customer_id']
[0m03:37:08  Creating foreign key: FCT_BOOKINGS_TRIP_DATE_LOCAL_FK referencing dim_dates ['date_id']
[0m03:37:08  Creating foreign key: FCT_BOOKINGS_TRIP_DATE_UTC_FK referencing dim_dates ['date_id']
[0m03:37:08  Finished dbt Constraints
[0m03:37:08  1 of 1 START hook: dbt_constraints.on-run-end.0 ................................ [RUN]
[0m03:37:08  1 of 1 OK hook: dbt_constraints.on-run-end.0 ................................... [[32mOK[0m in 1.06s]
[0m03:37:08  
[0m03:37:08  Finished running 1 project hook, 2 seeds, 8 table models, 63 data tests, 7 view models in 0 hours 1 minutes and 37.26 seconds (97.26s).
[0m03:37:08  
[0m03:37:08  [32mCompleted successfully[0m
[0m03:37:08  
[0m03:37:08  Done. PASS=81 WARN=0 ERROR=0 SKIP=0 TOTAL=81
