[0m06:40:29  Running with dbt=1.9.0-b2
[0m06:40:29  Registered adapter: postgres=1.8.2
[0m06:40:30  Found 16 models, 2 seeds, 1 operation, 82 data tests, 7 sources, 889 macros
[0m06:40:30  
[0m06:40:30  Concurrency: 1 threads (target='dev')
[0m06:40:30  
[0m06:40:30  1 of 100 START sql view model stg-datamart.stg_pactravel__aircrafts ............ [RUN]
[0m06:40:31  1 of 100 OK created sql view model stg-datamart.stg_pactravel__aircrafts ....... [[32mCREATE VIEW[0m in 0.34s]
[0m06:40:31  2 of 100 START sql view model stg-datamart.stg_pactravel__airlines ............. [RUN]
[0m06:40:31  2 of 100 OK created sql view model stg-datamart.stg_pactravel__airlines ........ [[32mCREATE VIEW[0m in 0.08s]
[0m06:40:31  3 of 100 START sql view model stg-datamart.stg_pactravel__airports ............. [RUN]
[0m06:40:31  3 of 100 OK created sql view model stg-datamart.stg_pactravel__airports ........ [[32mCREATE VIEW[0m in 0.07s]
[0m06:40:31  4 of 100 START sql view model stg-datamart.stg_pactravel__customers ............ [RUN]
[0m06:40:31  4 of 100 OK created sql view model stg-datamart.stg_pactravel__customers ....... [[32mCREATE VIEW[0m in 0.11s]
[0m06:40:31  5 of 100 START sql view model stg-datamart.stg_pactravel__flight_bookings ...... [RUN]
[0m06:40:31  5 of 100 OK created sql view model stg-datamart.stg_pactravel__flight_bookings . [[32mCREATE VIEW[0m in 0.20s]
[0m06:40:31  6 of 100 START sql view model stg-datamart.stg_pactravel__hotel ................ [RUN]
[0m06:40:31  6 of 100 OK created sql view model stg-datamart.stg_pactravel__hotel ........... [[32mCREATE VIEW[0m in 0.15s]
[0m06:40:31  7 of 100 START sql view model stg-datamart.stg_pactravel__hotel_bookings ....... [RUN]
[0m06:40:31  7 of 100 OK created sql view model stg-datamart.stg_pactravel__hotel_bookings .. [[32mCREATE VIEW[0m in 0.07s]
[0m06:40:31  8 of 100 START seed file stg-datamart.dim_dates ................................ [RUN]
[0m06:43:16  8 of 100 OK loaded seed file stg-datamart.dim_dates ............................ [[32mINSERT 29220[0m in 164.80s]
[0m06:43:16  9 of 100 START seed file stg-datamart.dim_times ................................ [RUN]
[0m06:43:19  9 of 100 OK loaded seed file stg-datamart.dim_times ............................ [[32mINSERT 1440[0m in 2.92s]
[0m06:43:19  10 of 100 START sql table model stg-datamart.dim_aircrafts ..................... [RUN]
[0m06:43:20  10 of 100 OK created sql table model stg-datamart.dim_aircrafts ................ [[32mSELECT 246[0m in 0.31s]
[0m06:43:20  11 of 100 START sql table model stg-datamart.dim_airlines ...................... [RUN]
[0m06:43:20  11 of 100 OK created sql table model stg-datamart.dim_airlines ................. [[32mSELECT 1251[0m in 0.15s]
[0m06:43:20  12 of 100 START sql table model stg-datamart.dim_airports ...................... [RUN]
[0m06:43:20  12 of 100 OK created sql table model stg-datamart.dim_airports ................. [[32mSELECT 105[0m in 0.17s]
[0m06:43:20  13 of 100 START sql table model stg-datamart.dim_customers ..................... [RUN]
[0m06:43:20  13 of 100 OK created sql table model stg-datamart.dim_customers ................ [[32mSELECT 1000[0m in 0.15s]
[0m06:43:20  14 of 100 START sql table model stg-datamart.dim_hotel ......................... [RUN]
[0m06:43:20  14 of 100 OK created sql table model stg-datamart.dim_hotel .................... [[32mSELECT 1470[0m in 0.18s]
[0m06:43:20  15 of 100 START sql table model stg-datamart.dim_trip .......................... [RUN]
[0m06:43:21  15 of 100 OK created sql table model stg-datamart.dim_trip ..................... [[32mSELECT 8407[0m in 0.53s]
[0m06:43:21  16 of 100 START test dbt_constraints_primary_key_dim_dates_date_id ............. [RUN]
[0m06:43:21  16 of 100 PASS dbt_constraints_primary_key_dim_dates_date_id ................... [[32mPASS[0m in 0.14s]
[0m06:43:21  17 of 100 START test not_null_dim_dates_date_id ................................ [RUN]
[0m06:43:21  17 of 100 PASS not_null_dim_dates_date_id ...................................... [[32mPASS[0m in 0.06s]
[0m06:43:21  18 of 100 START test dbt_constraints_primary_key_dim_times_time_id ............. [RUN]
[0m06:43:21  18 of 100 PASS dbt_constraints_primary_key_dim_times_time_id ................... [[32mPASS[0m in 0.05s]
[0m06:43:21  19 of 100 START test not_null_dim_times_time_id ................................ [RUN]
[0m06:43:21  19 of 100 PASS not_null_dim_times_time_id ...................................... [[32mPASS[0m in 0.04s]
[0m06:43:21  20 of 100 START test dbt_constraints_primary_key_dim_aircrafts_sk_aircraft_id .. [RUN]
[0m06:43:21  20 of 100 PASS dbt_constraints_primary_key_dim_aircrafts_sk_aircraft_id ........ [[32mPASS[0m in 0.07s]
[0m06:43:21  21 of 100 START test not_null_dim_aircrafts_nk_aircraft_id ..................... [RUN]
[0m06:43:21  21 of 100 PASS not_null_dim_aircrafts_nk_aircraft_id ........................... [[32mPASS[0m in 0.05s]
[0m06:43:21  22 of 100 START test not_null_dim_aircrafts_sk_aircraft_id ..................... [RUN]
[0m06:43:21  22 of 100 PASS not_null_dim_aircrafts_sk_aircraft_id ........................... [[32mPASS[0m in 0.08s]
[0m06:43:21  23 of 100 START test dbt_constraints_primary_key_dim_airlines_sk_airline_id .... [RUN]
[0m06:43:21  23 of 100 PASS dbt_constraints_primary_key_dim_airlines_sk_airline_id .......... [[32mPASS[0m in 0.04s]
[0m06:43:21  24 of 100 START test not_null_dim_airlines_nk_airline_id ....................... [RUN]
[0m06:43:21  24 of 100 PASS not_null_dim_airlines_nk_airline_id ............................. [[32mPASS[0m in 0.03s]
[0m06:43:21  25 of 100 START test not_null_dim_airlines_sk_airline_id ....................... [RUN]
[0m06:43:21  25 of 100 PASS not_null_dim_airlines_sk_airline_id ............................. [[32mPASS[0m in 0.03s]
[0m06:43:21  26 of 100 START test dbt_constraints_primary_key_dim_airports_sk_airport_id .... [RUN]
[0m06:43:21  26 of 100 PASS dbt_constraints_primary_key_dim_airports_sk_airport_id .......... [[32mPASS[0m in 0.06s]
[0m06:43:21  27 of 100 START test not_null_dim_airports_nk_airport_id ....................... [RUN]
[0m06:43:22  27 of 100 PASS not_null_dim_airports_nk_airport_id ............................. [[32mPASS[0m in 0.05s]
[0m06:43:22  28 of 100 START test not_null_dim_airports_sk_airport_id ....................... [RUN]
[0m06:43:22  28 of 100 PASS not_null_dim_airports_sk_airport_id ............................. [[32mPASS[0m in 0.08s]
[0m06:43:22  29 of 100 START test dbt_constraints_primary_key_dim_customers_sk_customer_id .. [RUN]
[0m06:43:22  29 of 100 PASS dbt_constraints_primary_key_dim_customers_sk_customer_id ........ [[32mPASS[0m in 0.07s]
[0m06:43:22  30 of 100 START test not_null_dim_customers_nk_customer_id ..................... [RUN]
[0m06:43:22  30 of 100 PASS not_null_dim_customers_nk_customer_id ........................... [[32mPASS[0m in 0.04s]
[0m06:43:22  31 of 100 START test not_null_dim_customers_sk_customer_id ..................... [RUN]
[0m06:43:22  31 of 100 PASS not_null_dim_customers_sk_customer_id ........................... [[32mPASS[0m in 0.03s]
[0m06:43:22  32 of 100 START test dbt_constraints_primary_key_dim_hotel_sk_hotels_id ........ [RUN]
[0m06:43:22  32 of 100 PASS dbt_constraints_primary_key_dim_hotel_sk_hotels_id .............. [[32mPASS[0m in 0.06s]
[0m06:43:22  33 of 100 START test not_null_dim_hotel_nk_hotel_id ............................ [RUN]
[0m06:43:22  33 of 100 PASS not_null_dim_hotel_nk_hotel_id .................................. [[32mPASS[0m in 0.07s]
[0m06:43:22  34 of 100 START test not_null_dim_hotel_sk_hotels_id ........................... [RUN]
[0m06:43:22  34 of 100 PASS not_null_dim_hotel_sk_hotels_id ................................. [[32mPASS[0m in 0.03s]
[0m06:43:22  35 of 100 START test dbt_constraints_primary_key_dim_trip_sk_trip_id ........... [RUN]
[0m06:43:22  35 of 100 PASS dbt_constraints_primary_key_dim_trip_sk_trip_id ................. [[32mPASS[0m in 0.06s]
[0m06:43:22  36 of 100 START test not_null_dim_trip_nk_trip_id .............................. [RUN]
[0m06:43:22  36 of 100 PASS not_null_dim_trip_nk_trip_id .................................... [[32mPASS[0m in 0.05s]
[0m06:43:22  37 of 100 START test not_null_dim_trip_sk_trip_id .............................. [RUN]
[0m06:43:22  37 of 100 PASS not_null_dim_trip_sk_trip_id .................................... [[32mPASS[0m in 0.04s]
[0m06:43:22  38 of 100 START sql table model stg-datamart.fct_flight_bookings ............... [RUN]
[0m06:43:25  38 of 100 OK created sql table model stg-datamart.fct_flight_bookings .......... [[32mSELECT 8190[0m in 2.70s]
[0m06:43:25  39 of 100 START sql table model stg-datamart.fct_hotel_bookings ................ [RUN]
[0m06:43:29  39 of 100 OK created sql table model stg-datamart.fct_hotel_bookings ........... [[32mSELECT 217[0m in 4.45s]
[0m06:43:29  40 of 100 START test dbt_constraints_foreign_key_fct_flight_bookings_aircraft_id__sk_aircraft_id__ref_dim_aircrafts_  [RUN]
[0m06:43:29  40 of 100 PASS dbt_constraints_foreign_key_fct_flight_bookings_aircraft_id__sk_aircraft_id__ref_dim_aircrafts_  [[32mPASS[0m in 0.14s]
[0m06:43:29  41 of 100 START test dbt_constraints_foreign_key_fct_flight_bookings_airline_id__sk_airline_id__ref_dim_airlines_  [RUN]
[0m06:43:30  41 of 100 PASS dbt_constraints_foreign_key_fct_flight_bookings_airline_id__sk_airline_id__ref_dim_airlines_  [[32mPASS[0m in 0.05s]
[0m06:43:30  42 of 100 START test dbt_constraints_foreign_key_fct_flight_bookings_airport_dst__sk_airport_id__ref_dim_airports_  [RUN]
[0m06:43:30  42 of 100 PASS dbt_constraints_foreign_key_fct_flight_bookings_airport_dst__sk_airport_id__ref_dim_airports_  [[32mPASS[0m in 0.04s]
[0m06:43:30  43 of 100 START test dbt_constraints_foreign_key_fct_flight_bookings_airport_src__sk_airport_id__ref_dim_airports_  [RUN]
[0m06:43:30  43 of 100 PASS dbt_constraints_foreign_key_fct_flight_bookings_airport_src__sk_airport_id__ref_dim_airports_  [[32mPASS[0m in 0.04s]
[0m06:43:30  44 of 100 START test dbt_constraints_foreign_key_fct_flight_bookings_booking_date_local__date_id__ref_dim_dates_  [RUN]
[0m06:43:30  44 of 100 PASS dbt_constraints_foreign_key_fct_flight_bookings_booking_date_local__date_id__ref_dim_dates_  [[32mPASS[0m in 0.07s]
[0m06:43:30  45 of 100 START test dbt_constraints_foreign_key_fct_flight_bookings_booking_date_utc__date_id__ref_dim_dates_  [RUN]
[0m06:43:30  45 of 100 PASS dbt_constraints_foreign_key_fct_flight_bookings_booking_date_utc__date_id__ref_dim_dates_  [[32mPASS[0m in 0.04s]
[0m06:43:30  46 of 100 START test dbt_constraints_foreign_key_fct_flight_bookings_customer_id__sk_customer_id__ref_dim_customers_  [RUN]
[0m06:43:30  46 of 100 PASS dbt_constraints_foreign_key_fct_flight_bookings_customer_id__sk_customer_id__ref_dim_customers_  [[32mPASS[0m in 0.04s]
[0m06:43:30  47 of 100 START test dbt_constraints_foreign_key_fct_flight_bookings_scheduled_departure_date_local__date_id__ref_dim_dates_  [RUN]
[0m06:43:30  47 of 100 PASS dbt_constraints_foreign_key_fct_flight_bookings_scheduled_departure_date_local__date_id__ref_dim_dates_  [[32mPASS[0m in 0.12s]
[0m06:43:30  48 of 100 START test dbt_constraints_foreign_key_fct_flight_bookings_scheduled_departure_date_utc__date_id__ref_dim_dates_  [RUN]
[0m06:43:30  48 of 100 PASS dbt_constraints_foreign_key_fct_flight_bookings_scheduled_departure_date_utc__date_id__ref_dim_dates_  [[32mPASS[0m in 0.06s]
[0m06:43:30  49 of 100 START test dbt_constraints_foreign_key_fct_flight_bookings_scheduled_departure_time_local__time_id__ref_dim_times_  [RUN]
[0m06:43:30  49 of 100 PASS dbt_constraints_foreign_key_fct_flight_bookings_scheduled_departure_time_local__time_id__ref_dim_times_  [[32mPASS[0m in 0.04s]
[0m06:43:30  50 of 100 START test dbt_constraints_foreign_key_fct_flight_bookings_scheduled_departure_time_utc__time_id__ref_dim_times_  [RUN]
[0m06:43:30  50 of 100 PASS dbt_constraints_foreign_key_fct_flight_bookings_scheduled_departure_time_utc__time_id__ref_dim_times_  [[32mPASS[0m in 0.16s]
[0m06:43:30  51 of 100 START test dbt_constraints_foreign_key_fct_flight_bookings_trip_id__sk_trip_id__ref_dim_trip_  [RUN]
[0m06:43:30  51 of 100 PASS dbt_constraints_foreign_key_fct_flight_bookings_trip_id__sk_trip_id__ref_dim_trip_  [[32mPASS[0m in 0.09s]
[0m06:43:30  52 of 100 START test dbt_constraints_primary_key_fct_flight_bookings_sk_booking_id  [RUN]
[0m06:43:30  52 of 100 PASS dbt_constraints_primary_key_fct_flight_bookings_sk_booking_id ... [[32mPASS[0m in 0.06s]
[0m06:43:30  53 of 100 START test not_null_fct_flight_bookings_aircraft_id .................. [RUN]
[0m06:43:30  53 of 100 PASS not_null_fct_flight_bookings_aircraft_id ........................ [[32mPASS[0m in 0.03s]
[0m06:43:30  54 of 100 START test not_null_fct_flight_bookings_airline_id ................... [RUN]
[0m06:43:30  54 of 100 PASS not_null_fct_flight_bookings_airline_id ......................... [[32mPASS[0m in 0.03s]
[0m06:43:30  55 of 100 START test not_null_fct_flight_bookings_airport_dst .................. [RUN]
[0m06:43:30  55 of 100 PASS not_null_fct_flight_bookings_airport_dst ........................ [[32mPASS[0m in 0.03s]
[0m06:43:30  56 of 100 START test not_null_fct_flight_bookings_airport_src .................. [RUN]
[0m06:43:31  56 of 100 PASS not_null_fct_flight_bookings_airport_src ........................ [[32mPASS[0m in 0.08s]
[0m06:43:31  57 of 100 START test not_null_fct_flight_bookings_booking_date_local ........... [RUN]
[0m06:43:31  57 of 100 PASS not_null_fct_flight_bookings_booking_date_local ................. [[32mPASS[0m in 0.04s]
[0m06:43:31  58 of 100 START test not_null_fct_flight_bookings_booking_date_utc ............. [RUN]
[0m06:43:31  58 of 100 PASS not_null_fct_flight_bookings_booking_date_utc ................... [[32mPASS[0m in 0.06s]
[0m06:43:31  59 of 100 START test not_null_fct_flight_bookings_customer_id .................. [RUN]
[0m06:43:31  59 of 100 PASS not_null_fct_flight_bookings_customer_id ........................ [[32mPASS[0m in 0.05s]
[0m06:43:31  60 of 100 START test not_null_fct_flight_bookings_scheduled_departure_date_local  [RUN]
[0m06:43:31  60 of 100 PASS not_null_fct_flight_bookings_scheduled_departure_date_local ..... [[32mPASS[0m in 0.04s]
[0m06:43:31  61 of 100 START test not_null_fct_flight_bookings_scheduled_departure_date_utc . [RUN]
[0m06:43:31  61 of 100 PASS not_null_fct_flight_bookings_scheduled_departure_date_utc ....... [[32mPASS[0m in 0.03s]
[0m06:43:31  62 of 100 START test not_null_fct_flight_bookings_scheduled_departure_time_local  [RUN]
[0m06:43:31  62 of 100 PASS not_null_fct_flight_bookings_scheduled_departure_time_local ..... [[32mPASS[0m in 0.07s]
[0m06:43:31  63 of 100 START test not_null_fct_flight_bookings_scheduled_departure_time_utc . [RUN]
[0m06:43:31  63 of 100 PASS not_null_fct_flight_bookings_scheduled_departure_time_utc ....... [[32mPASS[0m in 0.05s]
[0m06:43:31  64 of 100 START test not_null_fct_flight_bookings_sk_booking_id ................ [RUN]
[0m06:43:31  64 of 100 PASS not_null_fct_flight_bookings_sk_booking_id ...................... [[32mPASS[0m in 0.03s]
[0m06:43:31  65 of 100 START test not_null_fct_flight_bookings_trip_id ...................... [RUN]
[0m06:43:31  65 of 100 PASS not_null_fct_flight_bookings_trip_id ............................ [[32mPASS[0m in 0.06s]
[0m06:43:31  66 of 100 START test dbt_constraints_foreign_key_fct_hotel_bookings_booking_date_local__date_id__ref_dim_dates_  [RUN]
[0m06:43:31  66 of 100 PASS dbt_constraints_foreign_key_fct_hotel_bookings_booking_date_local__date_id__ref_dim_dates_  [[32mPASS[0m in 0.08s]
[0m06:43:31  67 of 100 START test dbt_constraints_foreign_key_fct_hotel_bookings_booking_date_utc__date_id__ref_dim_dates_  [RUN]
[0m06:43:31  67 of 100 PASS dbt_constraints_foreign_key_fct_hotel_bookings_booking_date_utc__date_id__ref_dim_dates_  [[32mPASS[0m in 0.05s]
[0m06:43:31  68 of 100 START test dbt_constraints_foreign_key_fct_hotel_bookings_check_in_date_local__date_id__ref_dim_dates_  [RUN]
[0m06:43:31  68 of 100 PASS dbt_constraints_foreign_key_fct_hotel_bookings_check_in_date_local__date_id__ref_dim_dates_  [[32mPASS[0m in 0.05s]
[0m06:43:31  69 of 100 START test dbt_constraints_foreign_key_fct_hotel_bookings_check_in_date_utc__date_id__ref_dim_dates_  [RUN]
[0m06:43:31  69 of 100 PASS dbt_constraints_foreign_key_fct_hotel_bookings_check_in_date_utc__date_id__ref_dim_dates_  [[32mPASS[0m in 0.04s]
[0m06:43:31  70 of 100 START test dbt_constraints_foreign_key_fct_hotel_bookings_check_out_date_local__date_id__ref_dim_dates_  [RUN]
[0m06:43:31  70 of 100 PASS dbt_constraints_foreign_key_fct_hotel_bookings_check_out_date_local__date_id__ref_dim_dates_  [[32mPASS[0m in 0.08s]
[0m06:43:31  71 of 100 START test dbt_constraints_foreign_key_fct_hotel_bookings_check_out_date_utc__date_id__ref_dim_dates_  [RUN]
[0m06:43:31  71 of 100 PASS dbt_constraints_foreign_key_fct_hotel_bookings_check_out_date_utc__date_id__ref_dim_dates_  [[32mPASS[0m in 0.05s]
[0m06:43:31  72 of 100 START test dbt_constraints_foreign_key_fct_hotel_bookings_customer_id__sk_customer_id__ref_dim_customers_  [RUN]
[0m06:43:31  72 of 100 PASS dbt_constraints_foreign_key_fct_hotel_bookings_customer_id__sk_customer_id__ref_dim_customers_  [[32mPASS[0m in 0.06s]
[0m06:43:31  73 of 100 START test dbt_constraints_foreign_key_fct_hotel_bookings_hotel_id__sk_hotels_id__ref_dim_hotel_  [RUN]
[0m06:43:32  73 of 100 PASS dbt_constraints_foreign_key_fct_hotel_bookings_hotel_id__sk_hotels_id__ref_dim_hotel_  [[32mPASS[0m in 0.06s]
[0m06:43:32  74 of 100 START test dbt_constraints_foreign_key_fct_hotel_bookings_trip_id__sk_trip_id__ref_dim_trip_  [RUN]
[0m06:43:32  74 of 100 PASS dbt_constraints_foreign_key_fct_hotel_bookings_trip_id__sk_trip_id__ref_dim_trip_  [[32mPASS[0m in 0.04s]
[0m06:43:32  75 of 100 START test dbt_constraints_primary_key_fct_hotel_bookings_sk_booking_id  [RUN]
[0m06:43:32  75 of 100 PASS dbt_constraints_primary_key_fct_hotel_bookings_sk_booking_id .... [[32mPASS[0m in 0.03s]
[0m06:43:32  76 of 100 START test not_null_fct_hotel_bookings_booking_date_local ............ [RUN]
[0m06:43:32  76 of 100 PASS not_null_fct_hotel_bookings_booking_date_local .................. [[32mPASS[0m in 0.03s]
[0m06:43:32  77 of 100 START test not_null_fct_hotel_bookings_booking_date_utc .............. [RUN]
[0m06:43:32  77 of 100 PASS not_null_fct_hotel_bookings_booking_date_utc .................... [[32mPASS[0m in 0.04s]
[0m06:43:32  78 of 100 START test not_null_fct_hotel_bookings_check_in_date_local ........... [RUN]
[0m06:43:32  78 of 100 PASS not_null_fct_hotel_bookings_check_in_date_local ................. [[32mPASS[0m in 0.07s]
[0m06:43:32  79 of 100 START test not_null_fct_hotel_bookings_check_in_date_utc ............. [RUN]
[0m06:43:32  79 of 100 PASS not_null_fct_hotel_bookings_check_in_date_utc ................... [[32mPASS[0m in 0.04s]
[0m06:43:32  80 of 100 START test not_null_fct_hotel_bookings_check_out_date_local .......... [RUN]
[0m06:43:32  80 of 100 PASS not_null_fct_hotel_bookings_check_out_date_local ................ [[32mPASS[0m in 0.06s]
[0m06:43:32  81 of 100 START test not_null_fct_hotel_bookings_check_out_date_utc ............ [RUN]
[0m06:43:32  81 of 100 PASS not_null_fct_hotel_bookings_check_out_date_utc .................. [[32mPASS[0m in 0.04s]
[0m06:43:32  82 of 100 START test not_null_fct_hotel_bookings_customer_id ................... [RUN]
[0m06:43:32  82 of 100 PASS not_null_fct_hotel_bookings_customer_id ......................... [[32mPASS[0m in 0.03s]
[0m06:43:32  83 of 100 START test not_null_fct_hotel_bookings_hotel_id ...................... [RUN]
[0m06:43:32  83 of 100 PASS not_null_fct_hotel_bookings_hotel_id ............................ [[32mPASS[0m in 0.03s]
[0m06:43:32  84 of 100 START test not_null_fct_hotel_bookings_sk_booking_id ................. [RUN]
[0m06:43:32  84 of 100 PASS not_null_fct_hotel_bookings_sk_booking_id ....................... [[32mPASS[0m in 0.03s]
[0m06:43:32  85 of 100 START test not_null_fct_hotel_bookings_trip_id ....................... [RUN]
[0m06:43:32  85 of 100 PASS not_null_fct_hotel_bookings_trip_id ............................. [[32mPASS[0m in 0.03s]
[0m06:43:32  86 of 100 START sql table model stg-datamart.fct_bookings ...................... [RUN]
[0m06:43:32  86 of 100 OK created sql table model stg-datamart.fct_bookings ................. [[32mSELECT 8407[0m in 0.12s]
[0m06:43:32  87 of 100 START test dbt_constraints_foreign_key_fct_bookings_booking_date_local__date_id__ref_dim_dates_  [RUN]
[0m06:43:32  87 of 100 PASS dbt_constraints_foreign_key_fct_bookings_booking_date_local__date_id__ref_dim_dates_  [[32mPASS[0m in 0.05s]
[0m06:43:32  88 of 100 START test dbt_constraints_foreign_key_fct_bookings_booking_date_utc__date_id__ref_dim_dates_  [RUN]
[0m06:43:32  88 of 100 PASS dbt_constraints_foreign_key_fct_bookings_booking_date_utc__date_id__ref_dim_dates_  [[32mPASS[0m in 0.04s]
[0m06:43:32  89 of 100 START test dbt_constraints_foreign_key_fct_bookings_customer_id__sk_customer_id__ref_dim_customers_  [RUN]
[0m06:43:32  89 of 100 PASS dbt_constraints_foreign_key_fct_bookings_customer_id__sk_customer_id__ref_dim_customers_  [[32mPASS[0m in 0.04s]
[0m06:43:32  90 of 100 START test dbt_constraints_foreign_key_fct_bookings_trip_date_local__date_id__ref_dim_dates_  [RUN]
[0m06:43:32  90 of 100 PASS dbt_constraints_foreign_key_fct_bookings_trip_date_local__date_id__ref_dim_dates_  [[32mPASS[0m in 0.05s]
[0m06:43:32  91 of 100 START test dbt_constraints_foreign_key_fct_bookings_trip_date_utc__date_id__ref_dim_dates_  [RUN]
[0m06:43:32  91 of 100 PASS dbt_constraints_foreign_key_fct_bookings_trip_date_utc__date_id__ref_dim_dates_  [[32mPASS[0m in 0.04s]
[0m06:43:32  92 of 100 START test dbt_constraints_foreign_key_fct_bookings_trip_id__sk_trip_id__ref_dim_trip_  [RUN]
[0m06:43:33  92 of 100 PASS dbt_constraints_foreign_key_fct_bookings_trip_id__sk_trip_id__ref_dim_trip_  [[32mPASS[0m in 0.13s]
[0m06:43:33  93 of 100 START test dbt_constraints_primary_key_fct_bookings_sk_booking_id .... [RUN]
[0m06:43:33  93 of 100 PASS dbt_constraints_primary_key_fct_bookings_sk_booking_id .......... [[32mPASS[0m in 0.04s]
[0m06:43:33  94 of 100 START test not_null_fct_bookings_booking_date_local .................. [RUN]
[0m06:43:33  94 of 100 PASS not_null_fct_bookings_booking_date_local ........................ [[32mPASS[0m in 0.03s]
[0m06:43:33  95 of 100 START test not_null_fct_bookings_booking_date_utc .................... [RUN]
[0m06:43:33  95 of 100 PASS not_null_fct_bookings_booking_date_utc .......................... [[32mPASS[0m in 0.03s]
[0m06:43:33  96 of 100 START test not_null_fct_bookings_customer_id ......................... [RUN]
[0m06:43:33  96 of 100 PASS not_null_fct_bookings_customer_id ............................... [[32mPASS[0m in 0.03s]
[0m06:43:33  97 of 100 START test not_null_fct_bookings_sk_booking_id ....................... [RUN]
[0m06:43:33  97 of 100 PASS not_null_fct_bookings_sk_booking_id ............................. [[32mPASS[0m in 0.03s]
[0m06:43:33  98 of 100 START test not_null_fct_bookings_trip_date_local ..................... [RUN]
[0m06:43:33  98 of 100 PASS not_null_fct_bookings_trip_date_local ........................... [[32mPASS[0m in 0.03s]
[0m06:43:33  99 of 100 START test not_null_fct_bookings_trip_date_utc ....................... [RUN]
[0m06:43:33  99 of 100 PASS not_null_fct_bookings_trip_date_utc ............................. [[32mPASS[0m in 0.04s]
[0m06:43:33  100 of 100 START test not_null_fct_bookings_trip_id ............................ [RUN]
[0m06:43:33  100 of 100 PASS not_null_fct_bookings_trip_id .................................. [[32mPASS[0m in 0.03s]
[0m06:43:33  
[0m06:43:33  Running dbt Constraints
[0m06:43:33  Creating not null constraint for: date_id in "pactravel"."stg-datamart"."dim_dates"
[0m06:43:33  Creating not null constraint for: time_id in "pactravel"."stg-datamart"."dim_times"
[0m06:43:33  Creating not null constraint for: nk_aircraft_id in "pactravel"."stg-datamart"."dim_aircrafts"
[0m06:43:33  Creating not null constraint for: sk_aircraft_id in "pactravel"."stg-datamart"."dim_aircrafts"
[0m06:43:33  Creating not null constraint for: nk_airline_id in "pactravel"."stg-datamart"."dim_airlines"
[0m06:43:33  Creating not null constraint for: sk_airline_id in "pactravel"."stg-datamart"."dim_airlines"
[0m06:43:33  Creating not null constraint for: nk_airport_id in "pactravel"."stg-datamart"."dim_airports"
[0m06:43:33  Creating not null constraint for: sk_airport_id in "pactravel"."stg-datamart"."dim_airports"
[0m06:43:33  Creating not null constraint for: nk_customer_id in "pactravel"."stg-datamart"."dim_customers"
[0m06:43:33  Creating not null constraint for: sk_customer_id in "pactravel"."stg-datamart"."dim_customers"
[0m06:43:33  Creating not null constraint for: nk_hotel_id in "pactravel"."stg-datamart"."dim_hotel"
[0m06:43:33  Creating not null constraint for: sk_hotels_id in "pactravel"."stg-datamart"."dim_hotel"
[0m06:43:33  Creating not null constraint for: nk_trip_id in "pactravel"."stg-datamart"."dim_trip"
[0m06:43:33  Creating not null constraint for: sk_trip_id in "pactravel"."stg-datamart"."dim_trip"
[0m06:43:33  Creating not null constraint for: aircraft_id in "pactravel"."stg-datamart"."fct_flight_bookings"
[0m06:43:33  Creating not null constraint for: airline_id in "pactravel"."stg-datamart"."fct_flight_bookings"
[0m06:43:33  Creating not null constraint for: airport_dst in "pactravel"."stg-datamart"."fct_flight_bookings"
[0m06:43:33  Creating not null constraint for: airport_src in "pactravel"."stg-datamart"."fct_flight_bookings"
[0m06:43:33  Creating not null constraint for: booking_date_local in "pactravel"."stg-datamart"."fct_flight_bookings"
[0m06:43:33  Creating not null constraint for: booking_date_utc in "pactravel"."stg-datamart"."fct_flight_bookings"
[0m06:43:33  Creating not null constraint for: customer_id in "pactravel"."stg-datamart"."fct_flight_bookings"
[0m06:43:33  Creating not null constraint for: scheduled_departure_date_local in "pactravel"."stg-datamart"."fct_flight_bookings"
[0m06:43:33  Creating not null constraint for: scheduled_departure_date_utc in "pactravel"."stg-datamart"."fct_flight_bookings"
[0m06:43:33  Creating not null constraint for: scheduled_departure_time_local in "pactravel"."stg-datamart"."fct_flight_bookings"
[0m06:43:33  Creating not null constraint for: scheduled_departure_time_utc in "pactravel"."stg-datamart"."fct_flight_bookings"
[0m06:43:33  Creating not null constraint for: sk_booking_id in "pactravel"."stg-datamart"."fct_flight_bookings"
[0m06:43:33  Creating not null constraint for: trip_id in "pactravel"."stg-datamart"."fct_flight_bookings"
[0m06:43:33  Creating not null constraint for: booking_date_local in "pactravel"."stg-datamart"."fct_hotel_bookings"
[0m06:43:34  Creating not null constraint for: booking_date_utc in "pactravel"."stg-datamart"."fct_hotel_bookings"
[0m06:43:34  Creating not null constraint for: check_in_date_local in "pactravel"."stg-datamart"."fct_hotel_bookings"
[0m06:43:34  Creating not null constraint for: check_in_date_utc in "pactravel"."stg-datamart"."fct_hotel_bookings"
[0m06:43:34  Creating not null constraint for: check_out_date_local in "pactravel"."stg-datamart"."fct_hotel_bookings"
[0m06:43:34  Creating not null constraint for: check_out_date_utc in "pactravel"."stg-datamart"."fct_hotel_bookings"
[0m06:43:34  Creating not null constraint for: customer_id in "pactravel"."stg-datamart"."fct_hotel_bookings"
[0m06:43:34  Creating not null constraint for: hotel_id in "pactravel"."stg-datamart"."fct_hotel_bookings"
[0m06:43:34  Creating not null constraint for: sk_booking_id in "pactravel"."stg-datamart"."fct_hotel_bookings"
[0m06:43:34  Creating not null constraint for: trip_id in "pactravel"."stg-datamart"."fct_hotel_bookings"
[0m06:43:34  Creating not null constraint for: booking_date_local in "pactravel"."stg-datamart"."fct_bookings"
[0m06:43:34  Creating not null constraint for: booking_date_utc in "pactravel"."stg-datamart"."fct_bookings"
[0m06:43:34  Creating not null constraint for: customer_id in "pactravel"."stg-datamart"."fct_bookings"
[0m06:43:34  Creating not null constraint for: sk_booking_id in "pactravel"."stg-datamart"."fct_bookings"
[0m06:43:34  Creating not null constraint for: trip_date_local in "pactravel"."stg-datamart"."fct_bookings"
[0m06:43:34  Creating not null constraint for: trip_date_utc in "pactravel"."stg-datamart"."fct_bookings"
[0m06:43:34  Creating not null constraint for: trip_id in "pactravel"."stg-datamart"."fct_bookings"
[0m06:43:34  Creating not null constraint for: date_id in "pactravel"."stg-datamart"."dim_dates"
[0m06:43:34  Creating primary key: DIM_DATES_DATE_ID_PK
[0m06:43:34  Creating not null constraint for: time_id in "pactravel"."stg-datamart"."dim_times"
[0m06:43:34  Creating primary key: DIM_TIMES_TIME_ID_PK
[0m06:43:34  Creating not null constraint for: sk_aircraft_id in "pactravel"."stg-datamart"."dim_aircrafts"
[0m06:43:34  Creating primary key: DIM_AIRCRAFTS_SK_AIRCRAFT_ID_PK
[0m06:43:34  Creating not null constraint for: sk_airline_id in "pactravel"."stg-datamart"."dim_airlines"
[0m06:43:34  Creating primary key: DIM_AIRLINES_SK_AIRLINE_ID_PK
[0m06:43:34  Creating not null constraint for: sk_airport_id in "pactravel"."stg-datamart"."dim_airports"
[0m06:43:34  Creating primary key: DIM_AIRPORTS_SK_AIRPORT_ID_PK
[0m06:43:34  Creating not null constraint for: sk_customer_id in "pactravel"."stg-datamart"."dim_customers"
[0m06:43:34  Creating primary key: DIM_CUSTOMERS_SK_CUSTOMER_ID_PK
[0m06:43:34  Creating not null constraint for: sk_hotels_id in "pactravel"."stg-datamart"."dim_hotel"
[0m06:43:34  Creating primary key: DIM_HOTEL_SK_HOTELS_ID_PK
[0m06:43:34  Creating not null constraint for: sk_trip_id in "pactravel"."stg-datamart"."dim_trip"
[0m06:43:34  Creating primary key: DIM_TRIP_SK_TRIP_ID_PK
[0m06:43:34  Creating not null constraint for: sk_booking_id in "pactravel"."stg-datamart"."fct_flight_bookings"
[0m06:43:34  Creating primary key: FCT_FLIGHT_BOOKINGS_SK_BOOKING_ID_PK
[0m06:43:34  Creating not null constraint for: sk_booking_id in "pactravel"."stg-datamart"."fct_hotel_bookings"
[0m06:43:34  Creating primary key: FCT_HOTEL_BOOKINGS_SK_BOOKING_ID_PK
[0m06:43:34  Creating not null constraint for: sk_booking_id in "pactravel"."stg-datamart"."fct_bookings"
[0m06:43:34  Creating primary key: FCT_BOOKINGS_SK_BOOKING_ID_PK
[0m06:43:34  Creating foreign key: FCT_FLIGHT_BOOKINGS_AIRCRAFT_ID_FK referencing dim_aircrafts ['sk_aircraft_id']
[0m06:43:35  Creating foreign key: FCT_FLIGHT_BOOKINGS_AIRLINE_ID_FK referencing dim_airlines ['sk_airline_id']
[0m06:43:35  Creating foreign key: FCT_FLIGHT_BOOKINGS_AIRPORT_DST_FK referencing dim_airports ['sk_airport_id']
[0m06:43:35  Creating foreign key: FCT_FLIGHT_BOOKINGS_AIRPORT_SRC_FK referencing dim_airports ['sk_airport_id']
[0m06:43:35  Creating foreign key: FCT_FLIGHT_BOOKINGS_BOOKING_DATE_LOCAL_FK referencing dim_dates ['date_id']
[0m06:43:35  Creating foreign key: FCT_FLIGHT_BOOKINGS_BOOKING_DATE_UTC_FK referencing dim_dates ['date_id']
[0m06:43:35  Creating foreign key: FCT_FLIGHT_BOOKINGS_CUSTOMER_ID_FK referencing dim_customers ['sk_customer_id']
[0m06:43:35  Creating foreign key: FCT_FLIGHT_BOOKINGS_SCHEDULED_DEPARTURE_DATE_LOCAL_FK referencing dim_dates ['date_id']
[0m06:43:35  Creating foreign key: FCT_FLIGHT_BOOKINGS_SCHEDULED_DEPARTURE_DATE_UTC_FK referencing dim_dates ['date_id']
[0m06:43:35  Creating foreign key: FCT_FLIGHT_BOOKINGS_SCHEDULED_DEPARTURE_TIME_LOCAL_FK referencing dim_times ['time_id']
[0m06:43:35  Creating foreign key: FCT_FLIGHT_BOOKINGS_SCHEDULED_DEPARTURE_TIME_UTC_FK referencing dim_times ['time_id']
[0m06:43:35  Creating foreign key: FCT_FLIGHT_BOOKINGS_TRIP_ID_FK referencing dim_trip ['sk_trip_id']
[0m06:43:35  Creating foreign key: FCT_HOTEL_BOOKINGS_BOOKING_DATE_LOCAL_FK referencing dim_dates ['date_id']
[0m06:43:35  Creating foreign key: FCT_HOTEL_BOOKINGS_BOOKING_DATE_UTC_FK referencing dim_dates ['date_id']
[0m06:43:35  Creating foreign key: FCT_HOTEL_BOOKINGS_CHECK_IN_DATE_LOCAL_FK referencing dim_dates ['date_id']
[0m06:43:35  Creating foreign key: FCT_HOTEL_BOOKINGS_CHECK_IN_DATE_UTC_FK referencing dim_dates ['date_id']
[0m06:43:35  Creating foreign key: FCT_HOTEL_BOOKINGS_CHECK_OUT_DATE_LOCAL_FK referencing dim_dates ['date_id']
[0m06:43:35  Creating foreign key: FCT_HOTEL_BOOKINGS_CHECK_OUT_DATE_UTC_FK referencing dim_dates ['date_id']
[0m06:43:35  Creating foreign key: FCT_HOTEL_BOOKINGS_CUSTOMER_ID_FK referencing dim_customers ['sk_customer_id']
[0m06:43:35  Creating foreign key: FCT_HOTEL_BOOKINGS_HOTEL_ID_FK referencing dim_hotel ['sk_hotels_id']
[0m06:43:35  Creating foreign key: FCT_HOTEL_BOOKINGS_TRIP_ID_FK referencing dim_trip ['sk_trip_id']
[0m06:43:35  Creating foreign key: FCT_BOOKINGS_BOOKING_DATE_LOCAL_FK referencing dim_dates ['date_id']
[0m06:43:35  Creating foreign key: FCT_BOOKINGS_BOOKING_DATE_UTC_FK referencing dim_dates ['date_id']
[0m06:43:35  Creating foreign key: FCT_BOOKINGS_CUSTOMER_ID_FK referencing dim_customers ['sk_customer_id']
[0m06:43:35  Creating foreign key: FCT_BOOKINGS_TRIP_DATE_LOCAL_FK referencing dim_dates ['date_id']
[0m06:43:35  Creating foreign key: FCT_BOOKINGS_TRIP_DATE_UTC_FK referencing dim_dates ['date_id']
[0m06:43:35  Creating foreign key: FCT_BOOKINGS_TRIP_ID_FK referencing dim_trip ['sk_trip_id']
[0m06:43:35  Finished dbt Constraints
[0m06:43:35  1 of 1 START hook: dbt_constraints.on-run-end.0 ................................ [RUN]
[0m06:43:35  1 of 1 OK hook: dbt_constraints.on-run-end.0 ................................... [[32mOK[0m in 2.61s]
[0m06:43:35  
[0m06:43:35  Finished running 1 project hook, 2 seeds, 9 table models, 82 data tests, 7 view models in 0 hours 3 minutes and 5.23 seconds (185.23s).
[0m06:43:36  
[0m06:43:36  [32mCompleted successfully[0m
[0m06:43:36  
[0m06:43:36  Done. PASS=101 WARN=0 ERROR=0 SKIP=0 TOTAL=101
