[0m03:21:45  Running with dbt=1.9.0-b2
[0m03:21:45  Registered adapter: postgres=1.8.2
[0m03:21:46  Found 16 models, 2 seeds, 1 operation, 70 data tests, 7 sources, 889 macros
[0m03:21:46  
[0m03:21:46  Concurrency: 1 threads (target='dev')
[0m03:21:46  
[0m03:21:46  1 of 88 START sql view model stg-datamart.stg_pactravel__aircrafts ............. [RUN]
[0m03:21:47  1 of 88 OK created sql view model stg-datamart.stg_pactravel__aircrafts ........ [[32mCREATE VIEW[0m in 0.14s]
[0m03:21:47  2 of 88 START sql view model stg-datamart.stg_pactravel__airlines .............. [RUN]
[0m03:21:47  2 of 88 OK created sql view model stg-datamart.stg_pactravel__airlines ......... [[32mCREATE VIEW[0m in 0.06s]
[0m03:21:47  3 of 88 START sql view model stg-datamart.stg_pactravel__airports .............. [RUN]
[0m03:21:47  3 of 88 OK created sql view model stg-datamart.stg_pactravel__airports ......... [[32mCREATE VIEW[0m in 0.06s]
[0m03:21:47  4 of 88 START sql view model stg-datamart.stg_pactravel__customers ............. [RUN]
[0m03:21:47  4 of 88 OK created sql view model stg-datamart.stg_pactravel__customers ........ [[32mCREATE VIEW[0m in 0.05s]
[0m03:21:47  5 of 88 START sql view model stg-datamart.stg_pactravel__flight_bookings ....... [RUN]
[0m03:21:47  5 of 88 OK created sql view model stg-datamart.stg_pactravel__flight_bookings .. [[32mCREATE VIEW[0m in 0.05s]
[0m03:21:47  6 of 88 START sql view model stg-datamart.stg_pactravel__hotel ................. [RUN]
[0m03:21:47  6 of 88 OK created sql view model stg-datamart.stg_pactravel__hotel ............ [[32mCREATE VIEW[0m in 0.05s]
[0m03:21:47  7 of 88 START sql view model stg-datamart.stg_pactravel__hotel_bookings ........ [RUN]
[0m03:21:47  7 of 88 OK created sql view model stg-datamart.stg_pactravel__hotel_bookings ... [[32mCREATE VIEW[0m in 0.05s]
[0m03:21:47  8 of 88 START seed file stg-datamart.dim_dates ................................. [RUN]
[0m03:24:09  8 of 88 OK loaded seed file stg-datamart.dim_dates ............................. [[32mINSERT 29220[0m in 141.70s]
[0m03:24:09  9 of 88 START seed file stg-datamart.dim_times ................................. [RUN]
[0m03:24:11  9 of 88 OK loaded seed file stg-datamart.dim_times ............................. [[32mINSERT 1440[0m in 2.34s]
[0m03:24:11  10 of 88 START sql table model stg-datamart.dim_aircrafts ...................... [RUN]
[0m03:24:11  10 of 88 OK created sql table model stg-datamart.dim_aircrafts ................. [[32mSELECT 246[0m in 0.14s]
[0m03:24:11  11 of 88 START sql table model stg-datamart.dim_airlines ....................... [RUN]
[0m03:24:11  11 of 88 OK created sql table model stg-datamart.dim_airlines .................. [[32mSELECT 1251[0m in 0.09s]
[0m03:24:11  12 of 88 START sql table model stg-datamart.dim_airports ....................... [RUN]
[0m03:24:11  12 of 88 OK created sql table model stg-datamart.dim_airports .................. [[32mSELECT 105[0m in 0.07s]
[0m03:24:11  13 of 88 START sql table model stg-datamart.dim_customers ...................... [RUN]
[0m03:24:11  13 of 88 OK created sql table model stg-datamart.dim_customers ................. [[32mSELECT 1000[0m in 0.09s]
[0m03:24:11  14 of 88 START sql table model stg-datamart.dim_hotel .......................... [RUN]
[0m03:24:12  14 of 88 OK created sql table model stg-datamart.dim_hotel ..................... [[32mSELECT 1470[0m in 0.11s]
[0m03:24:12  15 of 88 START sql table model stg-datamart.dim_trip ........................... [RUN]
[0m03:24:12  15 of 88 OK created sql table model stg-datamart.dim_trip ...................... [[32mSELECT 8407[0m in 0.10s]
[0m03:24:12  16 of 88 START test dbt_constraints_primary_key_dim_dates_date_id .............. [RUN]
[0m03:24:12  16 of 88 PASS dbt_constraints_primary_key_dim_dates_date_id .................... [[32mPASS[0m in 0.08s]
[0m03:24:12  17 of 88 START test not_null_dim_dates_date_id ................................. [RUN]
[0m03:24:12  17 of 88 PASS not_null_dim_dates_date_id ....................................... [[32mPASS[0m in 0.03s]
[0m03:24:12  18 of 88 START test dbt_constraints_primary_key_dim_times_time_id .............. [RUN]
[0m03:24:12  18 of 88 PASS dbt_constraints_primary_key_dim_times_time_id .................... [[32mPASS[0m in 0.04s]
[0m03:24:12  19 of 88 START test not_null_dim_times_time_id ................................. [RUN]
[0m03:24:12  19 of 88 PASS not_null_dim_times_time_id ....................................... [[32mPASS[0m in 0.03s]
[0m03:24:12  20 of 88 START test dbt_constraints_primary_key_dim_aircrafts_sk_aircraft_id ... [RUN]
[0m03:24:12  20 of 88 PASS dbt_constraints_primary_key_dim_aircrafts_sk_aircraft_id ......... [[32mPASS[0m in 0.03s]
[0m03:24:12  21 of 88 START test not_null_dim_aircrafts_nk_aircraft_id ...................... [RUN]
[0m03:24:12  21 of 88 PASS not_null_dim_aircrafts_nk_aircraft_id ............................ [[32mPASS[0m in 0.03s]
[0m03:24:12  22 of 88 START test not_null_dim_aircrafts_sk_aircraft_id ...................... [RUN]
[0m03:24:12  22 of 88 PASS not_null_dim_aircrafts_sk_aircraft_id ............................ [[32mPASS[0m in 0.03s]
[0m03:24:12  23 of 88 START test dbt_constraints_primary_key_dim_airlines_sk_airline_id ..... [RUN]
[0m03:24:12  23 of 88 PASS dbt_constraints_primary_key_dim_airlines_sk_airline_id ........... [[32mPASS[0m in 0.03s]
[0m03:24:12  24 of 88 START test not_null_dim_airlines_nk_airline_id ........................ [RUN]
[0m03:24:12  24 of 88 PASS not_null_dim_airlines_nk_airline_id .............................. [[32mPASS[0m in 0.04s]
[0m03:24:12  25 of 88 START test not_null_dim_airlines_sk_airline_id ........................ [RUN]
[0m03:24:12  25 of 88 PASS not_null_dim_airlines_sk_airline_id .............................. [[32mPASS[0m in 0.04s]
[0m03:24:12  26 of 88 START test dbt_constraints_primary_key_dim_airports_sk_airport_id ..... [RUN]
[0m03:24:12  26 of 88 PASS dbt_constraints_primary_key_dim_airports_sk_airport_id ........... [[32mPASS[0m in 0.04s]
[0m03:24:12  27 of 88 START test not_null_dim_airports_nk_airport_id ........................ [RUN]
[0m03:24:12  27 of 88 PASS not_null_dim_airports_nk_airport_id .............................. [[32mPASS[0m in 0.04s]
[0m03:24:12  28 of 88 START test not_null_dim_airports_sk_airport_id ........................ [RUN]
[0m03:24:12  28 of 88 PASS not_null_dim_airports_sk_airport_id .............................. [[32mPASS[0m in 0.04s]
[0m03:24:12  29 of 88 START test dbt_constraints_primary_key_dim_customers_sk_customer_id ... [RUN]
[0m03:24:12  29 of 88 PASS dbt_constraints_primary_key_dim_customers_sk_customer_id ......... [[32mPASS[0m in 0.04s]
[0m03:24:12  30 of 88 START test not_null_dim_customers_nk_customer_id ...................... [RUN]
[0m03:24:12  30 of 88 PASS not_null_dim_customers_nk_customer_id ............................ [[32mPASS[0m in 0.15s]
[0m03:24:12  31 of 88 START test not_null_dim_customers_sk_customer_id ...................... [RUN]
[0m03:24:12  31 of 88 PASS not_null_dim_customers_sk_customer_id ............................ [[32mPASS[0m in 0.04s]
[0m03:24:12  32 of 88 START test dbt_constraints_primary_key_dim_hotel_sk_hotels_id ......... [RUN]
[0m03:24:13  32 of 88 PASS dbt_constraints_primary_key_dim_hotel_sk_hotels_id ............... [[32mPASS[0m in 0.06s]
[0m03:24:13  33 of 88 START test not_null_dim_hotel_nk_hotel_id ............................. [RUN]
[0m03:24:13  33 of 88 PASS not_null_dim_hotel_nk_hotel_id ................................... [[32mPASS[0m in 0.04s]
[0m03:24:13  34 of 88 START test not_null_dim_hotel_sk_hotels_id ............................ [RUN]
[0m03:24:13  34 of 88 PASS not_null_dim_hotel_sk_hotels_id .................................. [[32mPASS[0m in 0.03s]
[0m03:24:13  35 of 88 START test dbt_constraints_primary_key_dim_trip_sk_trip_id ............ [RUN]
[0m03:24:13  35 of 88 PASS dbt_constraints_primary_key_dim_trip_sk_trip_id .................. [[32mPASS[0m in 0.04s]
[0m03:24:13  36 of 88 START test not_null_dim_trip_nk_trip_id ............................... [RUN]
[0m03:24:13  36 of 88 PASS not_null_dim_trip_nk_trip_id ..................................... [[32mPASS[0m in 0.04s]
[0m03:24:13  37 of 88 START test not_null_dim_trip_sk_trip_id ............................... [RUN]
[0m03:24:13  37 of 88 PASS not_null_dim_trip_sk_trip_id ..................................... [[32mPASS[0m in 0.03s]
[0m03:24:13  38 of 88 START sql table model stg-datamart.fct_flight_bookings ................ [RUN]
[0m03:24:15  38 of 88 OK created sql table model stg-datamart.fct_flight_bookings ........... [[32mSELECT 8190[0m in 2.34s]
[0m03:24:15  39 of 88 START sql table model stg-datamart.fct_hotel_bookings ................. [RUN]
[0m03:24:18  39 of 88 OK created sql table model stg-datamart.fct_hotel_bookings ............ [[32mSELECT 217[0m in 2.48s]
[0m03:24:18  40 of 88 START test dbt_constraints_foreign_key_fct_flight_bookings_aircraft_id__sk_aircraft_id__ref_dim_aircrafts_  [RUN]
[0m03:24:18  40 of 88 PASS dbt_constraints_foreign_key_fct_flight_bookings_aircraft_id__sk_aircraft_id__ref_dim_aircrafts_  [[32mPASS[0m in 0.04s]
[0m03:24:18  41 of 88 START test dbt_constraints_foreign_key_fct_flight_bookings_airline_id__sk_airline_id__ref_dim_airlines_  [RUN]
[0m03:24:18  41 of 88 PASS dbt_constraints_foreign_key_fct_flight_bookings_airline_id__sk_airline_id__ref_dim_airlines_  [[32mPASS[0m in 0.04s]
[0m03:24:18  42 of 88 START test dbt_constraints_foreign_key_fct_flight_bookings_airport_dst__sk_airport_id__ref_dim_airports_  [RUN]
[0m03:24:18  42 of 88 PASS dbt_constraints_foreign_key_fct_flight_bookings_airport_dst__sk_airport_id__ref_dim_airports_  [[32mPASS[0m in 0.03s]
[0m03:24:18  43 of 88 START test dbt_constraints_foreign_key_fct_flight_bookings_airport_src__sk_airport_id__ref_dim_airports_  [RUN]
[0m03:24:18  43 of 88 PASS dbt_constraints_foreign_key_fct_flight_bookings_airport_src__sk_airport_id__ref_dim_airports_  [[32mPASS[0m in 0.03s]
[0m03:24:18  44 of 88 START test dbt_constraints_foreign_key_fct_flight_bookings_customer_id__sk_customer_id__ref_dim_customers_  [RUN]
[0m03:24:18  44 of 88 PASS dbt_constraints_foreign_key_fct_flight_bookings_customer_id__sk_customer_id__ref_dim_customers_  [[32mPASS[0m in 0.03s]
[0m03:24:18  45 of 88 START test dbt_constraints_foreign_key_fct_flight_bookings_scheduled_departure_date_local__date_id__ref_dim_dates_  [RUN]
[0m03:24:18  45 of 88 PASS dbt_constraints_foreign_key_fct_flight_bookings_scheduled_departure_date_local__date_id__ref_dim_dates_  [[32mPASS[0m in 0.04s]
[0m03:24:18  46 of 88 START test dbt_constraints_foreign_key_fct_flight_bookings_scheduled_departure_date_utc__date_id__ref_dim_dates_  [RUN]
[0m03:24:18  46 of 88 PASS dbt_constraints_foreign_key_fct_flight_bookings_scheduled_departure_date_utc__date_id__ref_dim_dates_  [[32mPASS[0m in 0.04s]
[0m03:24:18  47 of 88 START test dbt_constraints_foreign_key_fct_flight_bookings_scheduled_departure_time_local__time_id__ref_dim_times_  [RUN]
[0m03:24:18  47 of 88 PASS dbt_constraints_foreign_key_fct_flight_bookings_scheduled_departure_time_local__time_id__ref_dim_times_  [[32mPASS[0m in 0.04s]
[0m03:24:18  48 of 88 START test dbt_constraints_foreign_key_fct_flight_bookings_scheduled_departure_time_utc__time_id__ref_dim_times_  [RUN]
[0m03:24:18  48 of 88 PASS dbt_constraints_foreign_key_fct_flight_bookings_scheduled_departure_time_utc__time_id__ref_dim_times_  [[32mPASS[0m in 0.03s]
[0m03:24:18  49 of 88 START test dbt_constraints_foreign_key_fct_flight_bookings_trip_id__sk_trip_id__ref_dim_trip_  [RUN]
[0m03:24:18  49 of 88 PASS dbt_constraints_foreign_key_fct_flight_bookings_trip_id__sk_trip_id__ref_dim_trip_  [[32mPASS[0m in 0.04s]
[0m03:24:18  50 of 88 START test dbt_constraints_primary_key_fct_flight_bookings_sk_booking_id  [RUN]
[0m03:24:18  50 of 88 PASS dbt_constraints_primary_key_fct_flight_bookings_sk_booking_id .... [[32mPASS[0m in 0.04s]
[0m03:24:18  51 of 88 START test not_null_fct_flight_bookings_aircraft_id ................... [RUN]
[0m03:24:18  51 of 88 PASS not_null_fct_flight_bookings_aircraft_id ......................... [[32mPASS[0m in 0.03s]
[0m03:24:18  52 of 88 START test not_null_fct_flight_bookings_airline_id .................... [RUN]
[0m03:24:18  52 of 88 PASS not_null_fct_flight_bookings_airline_id .......................... [[32mPASS[0m in 0.03s]
[0m03:24:18  53 of 88 START test not_null_fct_flight_bookings_airport_dst ................... [RUN]
[0m03:24:18  53 of 88 PASS not_null_fct_flight_bookings_airport_dst ......................... [[32mPASS[0m in 0.03s]
[0m03:24:18  54 of 88 START test not_null_fct_flight_bookings_airport_src ................... [RUN]
[0m03:24:18  54 of 88 PASS not_null_fct_flight_bookings_airport_src ......................... [[32mPASS[0m in 0.03s]
[0m03:24:18  55 of 88 START test not_null_fct_flight_bookings_customer_id ................... [RUN]
[0m03:24:18  55 of 88 PASS not_null_fct_flight_bookings_customer_id ......................... [[32mPASS[0m in 0.03s]
[0m03:24:18  56 of 88 START test not_null_fct_flight_bookings_scheduled_departure_date_local  [RUN]
[0m03:24:18  56 of 88 PASS not_null_fct_flight_bookings_scheduled_departure_date_local ...... [[32mPASS[0m in 0.03s]
[0m03:24:18  57 of 88 START test not_null_fct_flight_bookings_scheduled_departure_date_utc .. [RUN]
[0m03:24:18  57 of 88 PASS not_null_fct_flight_bookings_scheduled_departure_date_utc ........ [[32mPASS[0m in 0.03s]
[0m03:24:18  58 of 88 START test not_null_fct_flight_bookings_scheduled_departure_time_local  [RUN]
[0m03:24:18  58 of 88 PASS not_null_fct_flight_bookings_scheduled_departure_time_local ...... [[32mPASS[0m in 0.04s]
[0m03:24:18  59 of 88 START test not_null_fct_flight_bookings_scheduled_departure_time_utc .. [RUN]
[0m03:24:18  59 of 88 PASS not_null_fct_flight_bookings_scheduled_departure_time_utc ........ [[32mPASS[0m in 0.03s]
[0m03:24:18  60 of 88 START test not_null_fct_flight_bookings_sk_booking_id ................. [RUN]
[0m03:24:18  60 of 88 PASS not_null_fct_flight_bookings_sk_booking_id ....................... [[32mPASS[0m in 0.03s]
[0m03:24:18  61 of 88 START test not_null_fct_flight_bookings_trip_id ....................... [RUN]
[0m03:24:18  61 of 88 PASS not_null_fct_flight_bookings_trip_id ............................. [[32mPASS[0m in 0.03s]
[0m03:24:18  62 of 88 START test dbt_constraints_foreign_key_fct_hotel_bookings_check_in_date_local__date_id__ref_dim_dates_  [RUN]
[0m03:24:18  62 of 88 PASS dbt_constraints_foreign_key_fct_hotel_bookings_check_in_date_local__date_id__ref_dim_dates_  [[32mPASS[0m in 0.04s]
[0m03:24:18  63 of 88 START test dbt_constraints_foreign_key_fct_hotel_bookings_check_in_date_utc__date_id__ref_dim_dates_  [RUN]
[0m03:24:18  63 of 88 PASS dbt_constraints_foreign_key_fct_hotel_bookings_check_in_date_utc__date_id__ref_dim_dates_  [[32mPASS[0m in 0.04s]
[0m03:24:18  64 of 88 START test dbt_constraints_foreign_key_fct_hotel_bookings_check_out_date_local__date_id__ref_dim_dates_  [RUN]
[0m03:24:18  64 of 88 PASS dbt_constraints_foreign_key_fct_hotel_bookings_check_out_date_local__date_id__ref_dim_dates_  [[32mPASS[0m in 0.03s]
[0m03:24:18  65 of 88 START test dbt_constraints_foreign_key_fct_hotel_bookings_check_out_date_utc__date_id__ref_dim_dates_  [RUN]
[0m03:24:19  65 of 88 PASS dbt_constraints_foreign_key_fct_hotel_bookings_check_out_date_utc__date_id__ref_dim_dates_  [[32mPASS[0m in 0.04s]
[0m03:24:19  66 of 88 START test dbt_constraints_foreign_key_fct_hotel_bookings_customer_id__sk_customer_id__ref_dim_customers_  [RUN]
[0m03:24:19  66 of 88 PASS dbt_constraints_foreign_key_fct_hotel_bookings_customer_id__sk_customer_id__ref_dim_customers_  [[32mPASS[0m in 0.03s]
[0m03:24:19  67 of 88 START test dbt_constraints_foreign_key_fct_hotel_bookings_hotel_id__sk_hotels_id__ref_dim_hotel_  [RUN]
[0m03:24:19  67 of 88 PASS dbt_constraints_foreign_key_fct_hotel_bookings_hotel_id__sk_hotels_id__ref_dim_hotel_  [[32mPASS[0m in 0.03s]
[0m03:24:19  68 of 88 START test dbt_constraints_foreign_key_fct_hotel_bookings_trip_id__sk_trip_id__ref_dim_trip_  [RUN]
[0m03:24:19  68 of 88 PASS dbt_constraints_foreign_key_fct_hotel_bookings_trip_id__sk_trip_id__ref_dim_trip_  [[32mPASS[0m in 0.03s]
[0m03:24:19  69 of 88 START test dbt_constraints_primary_key_fct_hotel_bookings_sk_booking_id  [RUN]
[0m03:24:19  69 of 88 PASS dbt_constraints_primary_key_fct_hotel_bookings_sk_booking_id ..... [[32mPASS[0m in 0.14s]
[0m03:24:19  70 of 88 START test not_null_fct_hotel_bookings_check_in_date_local ............ [RUN]
[0m03:24:19  70 of 88 PASS not_null_fct_hotel_bookings_check_in_date_local .................. [[32mPASS[0m in 0.03s]
[0m03:24:19  71 of 88 START test not_null_fct_hotel_bookings_check_in_date_utc .............. [RUN]
[0m03:24:19  71 of 88 PASS not_null_fct_hotel_bookings_check_in_date_utc .................... [[32mPASS[0m in 0.03s]
[0m03:24:19  72 of 88 START test not_null_fct_hotel_bookings_check_out_date_local ........... [RUN]
[0m03:24:19  72 of 88 PASS not_null_fct_hotel_bookings_check_out_date_local ................. [[32mPASS[0m in 0.03s]
[0m03:24:19  73 of 88 START test not_null_fct_hotel_bookings_check_out_date_utc ............. [RUN]
[0m03:24:19  73 of 88 PASS not_null_fct_hotel_bookings_check_out_date_utc ................... [[32mPASS[0m in 0.03s]
[0m03:24:19  74 of 88 START test not_null_fct_hotel_bookings_customer_id .................... [RUN]
[0m03:24:19  74 of 88 PASS not_null_fct_hotel_bookings_customer_id .......................... [[32mPASS[0m in 0.03s]
[0m03:24:19  75 of 88 START test not_null_fct_hotel_bookings_hotel_id ....................... [RUN]
[0m03:24:19  75 of 88 PASS not_null_fct_hotel_bookings_hotel_id ............................. [[32mPASS[0m in 0.03s]
[0m03:24:19  76 of 88 START test not_null_fct_hotel_bookings_sk_booking_id .................. [RUN]
[0m03:24:19  76 of 88 PASS not_null_fct_hotel_bookings_sk_booking_id ........................ [[32mPASS[0m in 0.03s]
[0m03:24:19  77 of 88 START test not_null_fct_hotel_bookings_trip_id ........................ [RUN]
[0m03:24:19  77 of 88 PASS not_null_fct_hotel_bookings_trip_id .............................. [[32mPASS[0m in 0.03s]
[0m03:24:19  78 of 88 START sql table model stg-datamart.fct_bookings ....................... [RUN]
[0m03:24:19  78 of 88 OK created sql table model stg-datamart.fct_bookings .................. [[32mSELECT 8407[0m in 0.10s]
[0m03:24:19  79 of 88 START test dbt_constraints_foreign_key_fct_bookings_customer_id__sk_customer_id__ref_dim_customers_  [RUN]
[0m03:24:19  79 of 88 PASS dbt_constraints_foreign_key_fct_bookings_customer_id__sk_customer_id__ref_dim_customers_  [[32mPASS[0m in 0.03s]
[0m03:24:19  80 of 88 START test dbt_constraints_foreign_key_fct_bookings_trip_date_local__date_id__ref_dim_dates_  [RUN]
[0m03:24:19  80 of 88 PASS dbt_constraints_foreign_key_fct_bookings_trip_date_local__date_id__ref_dim_dates_  [[32mPASS[0m in 0.04s]
[0m03:24:19  81 of 88 START test dbt_constraints_foreign_key_fct_bookings_trip_date_utc__date_id__ref_dim_dates_  [RUN]
[0m03:24:19  81 of 88 PASS dbt_constraints_foreign_key_fct_bookings_trip_date_utc__date_id__ref_dim_dates_  [[32mPASS[0m in 0.04s]
[0m03:24:19  82 of 88 START test dbt_constraints_foreign_key_fct_bookings_trip_id__sk_trip_id__ref_dim_trip_  [RUN]
[0m03:24:19  82 of 88 PASS dbt_constraints_foreign_key_fct_bookings_trip_id__sk_trip_id__ref_dim_trip_  [[32mPASS[0m in 0.04s]
[0m03:24:19  83 of 88 START test dbt_constraints_primary_key_fct_bookings_sk_booking_id ..... [RUN]
[0m03:24:19  83 of 88 PASS dbt_constraints_primary_key_fct_bookings_sk_booking_id ........... [[32mPASS[0m in 0.03s]
[0m03:24:19  84 of 88 START test not_null_fct_bookings_customer_id .......................... [RUN]
[0m03:24:19  84 of 88 PASS not_null_fct_bookings_customer_id ................................ [[32mPASS[0m in 0.03s]
[0m03:24:19  85 of 88 START test not_null_fct_bookings_sk_booking_id ........................ [RUN]
[0m03:24:19  85 of 88 PASS not_null_fct_bookings_sk_booking_id .............................. [[32mPASS[0m in 0.03s]
[0m03:24:19  86 of 88 START test not_null_fct_bookings_trip_date_local ...................... [RUN]
[0m03:24:19  86 of 88 PASS not_null_fct_bookings_trip_date_local ............................ [[32mPASS[0m in 0.03s]
[0m03:24:19  87 of 88 START test not_null_fct_bookings_trip_date_utc ........................ [RUN]
[0m03:24:19  87 of 88 PASS not_null_fct_bookings_trip_date_utc .............................. [[32mPASS[0m in 0.03s]
[0m03:24:19  88 of 88 START test not_null_fct_bookings_trip_id .............................. [RUN]
[0m03:24:20  88 of 88 PASS not_null_fct_bookings_trip_id .................................... [[32mPASS[0m in 0.03s]
[0m03:24:20  
[0m03:24:20  Running dbt Constraints
[0m03:24:20  Creating not null constraint for: date_id in "pactravel"."stg-datamart"."dim_dates"
[0m03:24:20  Creating not null constraint for: time_id in "pactravel"."stg-datamart"."dim_times"
[0m03:24:20  Creating not null constraint for: nk_aircraft_id in "pactravel"."stg-datamart"."dim_aircrafts"
[0m03:24:20  Creating not null constraint for: sk_aircraft_id in "pactravel"."stg-datamart"."dim_aircrafts"
[0m03:24:20  Creating not null constraint for: nk_airline_id in "pactravel"."stg-datamart"."dim_airlines"
[0m03:24:20  Creating not null constraint for: sk_airline_id in "pactravel"."stg-datamart"."dim_airlines"
[0m03:24:20  Creating not null constraint for: nk_airport_id in "pactravel"."stg-datamart"."dim_airports"
[0m03:24:20  Creating not null constraint for: sk_airport_id in "pactravel"."stg-datamart"."dim_airports"
[0m03:24:20  Creating not null constraint for: nk_customer_id in "pactravel"."stg-datamart"."dim_customers"
[0m03:24:20  Creating not null constraint for: sk_customer_id in "pactravel"."stg-datamart"."dim_customers"
[0m03:24:20  Creating not null constraint for: nk_hotel_id in "pactravel"."stg-datamart"."dim_hotel"
[0m03:24:20  Creating not null constraint for: sk_hotels_id in "pactravel"."stg-datamart"."dim_hotel"
[0m03:24:20  Creating not null constraint for: nk_trip_id in "pactravel"."stg-datamart"."dim_trip"
[0m03:24:20  Creating not null constraint for: sk_trip_id in "pactravel"."stg-datamart"."dim_trip"
[0m03:24:20  Creating not null constraint for: aircraft_id in "pactravel"."stg-datamart"."fct_flight_bookings"
[0m03:24:20  Creating not null constraint for: airline_id in "pactravel"."stg-datamart"."fct_flight_bookings"
[0m03:24:20  Creating not null constraint for: airport_dst in "pactravel"."stg-datamart"."fct_flight_bookings"
[0m03:24:20  Creating not null constraint for: airport_src in "pactravel"."stg-datamart"."fct_flight_bookings"
[0m03:24:20  Creating not null constraint for: customer_id in "pactravel"."stg-datamart"."fct_flight_bookings"
[0m03:24:20  Creating not null constraint for: scheduled_departure_date_local in "pactravel"."stg-datamart"."fct_flight_bookings"
[0m03:24:20  Creating not null constraint for: scheduled_departure_date_utc in "pactravel"."stg-datamart"."fct_flight_bookings"
[0m03:24:20  Creating not null constraint for: scheduled_departure_time_local in "pactravel"."stg-datamart"."fct_flight_bookings"
[0m03:24:20  Creating not null constraint for: scheduled_departure_time_utc in "pactravel"."stg-datamart"."fct_flight_bookings"
[0m03:24:20  Creating not null constraint for: sk_booking_id in "pactravel"."stg-datamart"."fct_flight_bookings"
[0m03:24:20  Creating not null constraint for: trip_id in "pactravel"."stg-datamart"."fct_flight_bookings"
[0m03:24:20  Creating not null constraint for: check_in_date_local in "pactravel"."stg-datamart"."fct_hotel_bookings"
[0m03:24:20  Creating not null constraint for: check_in_date_utc in "pactravel"."stg-datamart"."fct_hotel_bookings"
[0m03:24:20  Creating not null constraint for: check_out_date_local in "pactravel"."stg-datamart"."fct_hotel_bookings"
[0m03:24:20  Creating not null constraint for: check_out_date_utc in "pactravel"."stg-datamart"."fct_hotel_bookings"
[0m03:24:20  Creating not null constraint for: customer_id in "pactravel"."stg-datamart"."fct_hotel_bookings"
[0m03:24:20  Creating not null constraint for: hotel_id in "pactravel"."stg-datamart"."fct_hotel_bookings"
[0m03:24:20  Creating not null constraint for: sk_booking_id in "pactravel"."stg-datamart"."fct_hotel_bookings"
[0m03:24:20  Creating not null constraint for: trip_id in "pactravel"."stg-datamart"."fct_hotel_bookings"
[0m03:24:20  Creating not null constraint for: customer_id in "pactravel"."stg-datamart"."fct_bookings"
[0m03:24:20  Creating not null constraint for: sk_booking_id in "pactravel"."stg-datamart"."fct_bookings"
[0m03:24:20  Creating not null constraint for: trip_date_local in "pactravel"."stg-datamart"."fct_bookings"
[0m03:24:20  Creating not null constraint for: trip_date_utc in "pactravel"."stg-datamart"."fct_bookings"
[0m03:24:20  Creating not null constraint for: trip_id in "pactravel"."stg-datamart"."fct_bookings"
[0m03:24:20  Creating not null constraint for: date_id in "pactravel"."stg-datamart"."dim_dates"
[0m03:24:20  Creating primary key: DIM_DATES_DATE_ID_PK
[0m03:24:20  Creating not null constraint for: time_id in "pactravel"."stg-datamart"."dim_times"
[0m03:24:20  Creating primary key: DIM_TIMES_TIME_ID_PK
[0m03:24:20  Creating not null constraint for: sk_aircraft_id in "pactravel"."stg-datamart"."dim_aircrafts"
[0m03:24:20  Creating primary key: DIM_AIRCRAFTS_SK_AIRCRAFT_ID_PK
[0m03:24:20  Creating not null constraint for: sk_airline_id in "pactravel"."stg-datamart"."dim_airlines"
[0m03:24:20  Creating primary key: DIM_AIRLINES_SK_AIRLINE_ID_PK
[0m03:24:20  Creating not null constraint for: sk_airport_id in "pactravel"."stg-datamart"."dim_airports"
[0m03:24:20  Creating primary key: DIM_AIRPORTS_SK_AIRPORT_ID_PK
[0m03:24:20  Creating not null constraint for: sk_customer_id in "pactravel"."stg-datamart"."dim_customers"
[0m03:24:20  Creating primary key: DIM_CUSTOMERS_SK_CUSTOMER_ID_PK
[0m03:24:20  Creating not null constraint for: sk_hotels_id in "pactravel"."stg-datamart"."dim_hotel"
[0m03:24:20  Creating primary key: DIM_HOTEL_SK_HOTELS_ID_PK
[0m03:24:20  Creating not null constraint for: sk_trip_id in "pactravel"."stg-datamart"."dim_trip"
[0m03:24:21  Creating primary key: DIM_TRIP_SK_TRIP_ID_PK
[0m03:24:21  Creating not null constraint for: sk_booking_id in "pactravel"."stg-datamart"."fct_flight_bookings"
[0m03:24:21  Creating primary key: FCT_FLIGHT_BOOKINGS_SK_BOOKING_ID_PK
[0m03:24:21  Creating not null constraint for: sk_booking_id in "pactravel"."stg-datamart"."fct_hotel_bookings"
[0m03:24:21  Creating primary key: FCT_HOTEL_BOOKINGS_SK_BOOKING_ID_PK
[0m03:24:21  Creating not null constraint for: sk_booking_id in "pactravel"."stg-datamart"."fct_bookings"
[0m03:24:21  Creating primary key: FCT_BOOKINGS_SK_BOOKING_ID_PK
[0m03:24:21  Creating foreign key: FCT_FLIGHT_BOOKINGS_AIRCRAFT_ID_FK referencing dim_aircrafts ['sk_aircraft_id']
[0m03:24:21  Creating foreign key: FCT_FLIGHT_BOOKINGS_AIRLINE_ID_FK referencing dim_airlines ['sk_airline_id']
[0m03:24:21  Creating foreign key: FCT_FLIGHT_BOOKINGS_AIRPORT_DST_FK referencing dim_airports ['sk_airport_id']
[0m03:24:21  Creating foreign key: FCT_FLIGHT_BOOKINGS_AIRPORT_SRC_FK referencing dim_airports ['sk_airport_id']
[0m03:24:21  Creating foreign key: FCT_FLIGHT_BOOKINGS_CUSTOMER_ID_FK referencing dim_customers ['sk_customer_id']
[0m03:24:21  Creating foreign key: FCT_FLIGHT_BOOKINGS_SCHEDULED_DEPARTURE_DATE_LOCAL_FK referencing dim_dates ['date_id']
[0m03:24:21  Creating foreign key: FCT_FLIGHT_BOOKINGS_SCHEDULED_DEPARTURE_DATE_UTC_FK referencing dim_dates ['date_id']
[0m03:24:21  Creating foreign key: FCT_FLIGHT_BOOKINGS_SCHEDULED_DEPARTURE_TIME_LOCAL_FK referencing dim_times ['time_id']
[0m03:24:21  Creating foreign key: FCT_FLIGHT_BOOKINGS_SCHEDULED_DEPARTURE_TIME_UTC_FK referencing dim_times ['time_id']
[0m03:24:21  Creating foreign key: FCT_FLIGHT_BOOKINGS_TRIP_ID_FK referencing dim_trip ['sk_trip_id']
[0m03:24:21  Creating foreign key: FCT_HOTEL_BOOKINGS_CHECK_IN_DATE_LOCAL_FK referencing dim_dates ['date_id']
[0m03:24:21  Creating foreign key: FCT_HOTEL_BOOKINGS_CHECK_IN_DATE_UTC_FK referencing dim_dates ['date_id']
[0m03:24:21  Creating foreign key: FCT_HOTEL_BOOKINGS_CHECK_OUT_DATE_LOCAL_FK referencing dim_dates ['date_id']
[0m03:24:21  Creating foreign key: FCT_HOTEL_BOOKINGS_CHECK_OUT_DATE_UTC_FK referencing dim_dates ['date_id']
[0m03:24:21  Creating foreign key: FCT_HOTEL_BOOKINGS_CUSTOMER_ID_FK referencing dim_customers ['sk_customer_id']
[0m03:24:21  Creating foreign key: FCT_HOTEL_BOOKINGS_HOTEL_ID_FK referencing dim_hotel ['sk_hotels_id']
[0m03:24:21  Creating foreign key: FCT_HOTEL_BOOKINGS_TRIP_ID_FK referencing dim_trip ['sk_trip_id']
[0m03:24:21  Creating foreign key: FCT_BOOKINGS_CUSTOMER_ID_FK referencing dim_customers ['sk_customer_id']
[0m03:24:21  Creating foreign key: FCT_BOOKINGS_TRIP_DATE_LOCAL_FK referencing dim_dates ['date_id']
[0m03:24:21  Creating foreign key: FCT_BOOKINGS_TRIP_DATE_UTC_FK referencing dim_dates ['date_id']
[0m03:24:21  Creating foreign key: FCT_BOOKINGS_TRIP_ID_FK referencing dim_trip ['sk_trip_id']
[0m03:24:21  Finished dbt Constraints
[0m03:24:21  1 of 1 START hook: dbt_constraints.on-run-end.0 ................................ [RUN]
[0m03:24:21  1 of 1 OK hook: dbt_constraints.on-run-end.0 ................................... [[32mOK[0m in 1.94s]
[0m03:24:21  
[0m03:24:21  Finished running 1 project hook, 2 seeds, 9 table models, 70 data tests, 7 view models in 0 hours 2 minutes and 35.14 seconds (155.14s).
[0m03:24:22  
[0m03:24:22  [32mCompleted successfully[0m
[0m03:24:22  
[0m03:24:22  Done. PASS=89 WARN=0 ERROR=0 SKIP=0 TOTAL=89
